{"/Users/sanjayb/avalanche-insight-hub/src/lib/avalancheCopyI18n.ts": {"path":"/Users/sanjayb/avalanche-insight-hub/src/lib/avalancheCopyI18n.ts","all":false,"statementMap":{"16":{"start":{"line":17,"column":0},"end":{"line":17,"column":73}},"17":{"start":{"line":18,"column":0},"end":{"line":18,"column":7}},"18":{"start":{"line":19,"column":0},"end":{"line":19,"column":24}},"19":{"start":{"line":20,"column":0},"end":{"line":20,"column":34}},"20":{"start":{"line":21,"column":0},"end":{"line":21,"column":42}},"21":{"start":{"line":22,"column":0},"end":{"line":22,"column":26}},"22":{"start":{"line":23,"column":0},"end":{"line":23,"column":36}},"23":{"start":{"line":24,"column":0},"end":{"line":24,"column":35}},"24":{"start":{"line":25,"column":0},"end":{"line":25,"column":37}},"25":{"start":{"line":26,"column":0},"end":{"line":26,"column":63}},"26":{"start":{"line":27,"column":0},"end":{"line":27,"column":35}},"27":{"start":{"line":28,"column":0},"end":{"line":28,"column":43}},"28":{"start":{"line":29,"column":0},"end":{"line":29,"column":89}},"29":{"start":{"line":30,"column":0},"end":{"line":30,"column":108}},"30":{"start":{"line":31,"column":0},"end":{"line":31,"column":4}},"31":{"start":{"line":32,"column":0},"end":{"line":32,"column":7}},"32":{"start":{"line":33,"column":0},"end":{"line":33,"column":23}},"33":{"start":{"line":34,"column":0},"end":{"line":34,"column":31}},"34":{"start":{"line":35,"column":0},"end":{"line":35,"column":40}},"35":{"start":{"line":36,"column":0},"end":{"line":36,"column":26}},"36":{"start":{"line":37,"column":0},"end":{"line":37,"column":36}},"37":{"start":{"line":38,"column":0},"end":{"line":38,"column":34}},"38":{"start":{"line":39,"column":0},"end":{"line":39,"column":38}},"39":{"start":{"line":40,"column":0},"end":{"line":40,"column":59}},"40":{"start":{"line":41,"column":0},"end":{"line":41,"column":36}},"41":{"start":{"line":42,"column":0},"end":{"line":42,"column":42}},"42":{"start":{"line":43,"column":0},"end":{"line":43,"column":86}},"43":{"start":{"line":44,"column":0},"end":{"line":44,"column":101}},"44":{"start":{"line":45,"column":0},"end":{"line":45,"column":4}},"45":{"start":{"line":46,"column":0},"end":{"line":46,"column":7}},"46":{"start":{"line":47,"column":0},"end":{"line":47,"column":23}},"47":{"start":{"line":48,"column":0},"end":{"line":48,"column":31}},"48":{"start":{"line":49,"column":0},"end":{"line":49,"column":39}},"49":{"start":{"line":50,"column":0},"end":{"line":50,"column":26}},"50":{"start":{"line":51,"column":0},"end":{"line":51,"column":36}},"51":{"start":{"line":52,"column":0},"end":{"line":52,"column":36}},"52":{"start":{"line":53,"column":0},"end":{"line":53,"column":51}},"53":{"start":{"line":54,"column":0},"end":{"line":54,"column":57}},"54":{"start":{"line":55,"column":0},"end":{"line":55,"column":38}},"55":{"start":{"line":56,"column":0},"end":{"line":56,"column":41}},"56":{"start":{"line":57,"column":0},"end":{"line":57,"column":86}},"57":{"start":{"line":58,"column":0},"end":{"line":58,"column":100}},"58":{"start":{"line":59,"column":0},"end":{"line":59,"column":4}},"59":{"start":{"line":60,"column":0},"end":{"line":60,"column":2}},"61":{"start":{"line":62,"column":0},"end":{"line":62,"column":101}},"62":{"start":{"line":63,"column":0},"end":{"line":63,"column":45}},"63":{"start":{"line":64,"column":0},"end":{"line":64,"column":1}},"65":{"start":{"line":66,"column":0},"end":{"line":66,"column":64}},"66":{"start":{"line":67,"column":0},"end":{"line":67,"column":28}},"67":{"start":{"line":68,"column":0},"end":{"line":68,"column":1}}},"s":{"16":1,"17":1,"18":1,"19":1,"20":1,"21":1,"22":1,"23":1,"24":1,"25":1,"26":1,"27":1,"28":1,"29":1,"30":1,"31":1,"32":1,"33":1,"34":1,"35":1,"36":1,"37":1,"38":1,"39":1,"40":1,"41":1,"42":1,"43":1,"44":1,"45":1,"46":1,"47":1,"48":1,"49":1,"50":1,"51":1,"52":1,"53":1,"54":1,"55":1,"56":1,"57":1,"58":1,"59":1,"61":1,"62":3,"63":3,"65":1,"66":1,"67":1},"branchMap":{"0":{"type":"branch","line":62,"loc":{"start":{"line":62,"column":7},"end":{"line":64,"column":1}},"locations":[{"start":{"line":62,"column":7},"end":{"line":64,"column":1}}]},"1":{"type":"branch","line":63,"loc":{"start":{"line":63,"column":28},"end":{"line":63,"column":44}},"locations":[{"start":{"line":63,"column":28},"end":{"line":63,"column":44}}]},"2":{"type":"branch","line":66,"loc":{"start":{"line":66,"column":7},"end":{"line":68,"column":1}},"locations":[{"start":{"line":66,"column":7},"end":{"line":68,"column":1}}]}},"b":{"0":[3],"1":[0],"2":[1]},"fnMap":{"0":{"name":"resolveAvalancheCopy","decl":{"start":{"line":62,"column":7},"end":{"line":64,"column":1}},"loc":{"start":{"line":62,"column":7},"end":{"line":64,"column":1}},"line":62},"1":{"name":"availableAvalancheLocales","decl":{"start":{"line":66,"column":7},"end":{"line":68,"column":1}},"loc":{"start":{"line":66,"column":7},"end":{"line":68,"column":1}},"line":66}},"f":{"0":3,"1":1}}
,"/Users/sanjayb/avalanche-insight-hub/src/lib/avalancheEvents.ts": {"path":"/Users/sanjayb/avalanche-insight-hub/src/lib/avalancheEvents.ts","all":false,"statementMap":{"43":{"start":{"line":44,"column":0},"end":{"line":44,"column":67}},"44":{"start":{"line":45,"column":0},"end":{"line":45,"column":68}},"45":{"start":{"line":46,"column":0},"end":{"line":46,"column":38}},"46":{"start":{"line":47,"column":0},"end":{"line":47,"column":11}},"47":{"start":{"line":48,"column":0},"end":{"line":48,"column":1}},"49":{"start":{"line":50,"column":0},"end":{"line":50,"column":56}},"50":{"start":{"line":51,"column":0},"end":{"line":51,"column":68}},"51":{"start":{"line":52,"column":0},"end":{"line":52,"column":51}},"52":{"start":{"line":53,"column":0},"end":{"line":53,"column":1}},"54":{"start":{"line":55,"column":0},"end":{"line":55,"column":54}},"55":{"start":{"line":56,"column":0},"end":{"line":56,"column":57}},"56":{"start":{"line":57,"column":0},"end":{"line":57,"column":1}},"58":{"start":{"line":59,"column":0},"end":{"line":59,"column":86}},"59":{"start":{"line":60,"column":0},"end":{"line":60,"column":94}},"60":{"start":{"line":61,"column":0},"end":{"line":61,"column":16}},"61":{"start":{"line":62,"column":0},"end":{"line":62,"column":3}},"63":{"start":{"line":64,"column":0},"end":{"line":64,"column":52}},"64":{"start":{"line":65,"column":0},"end":{"line":65,"column":60}},"65":{"start":{"line":66,"column":0},"end":{"line":66,"column":77}},"66":{"start":{"line":67,"column":0},"end":{"line":67,"column":3}},"68":{"start":{"line":69,"column":0},"end":{"line":69,"column":78}},"69":{"start":{"line":70,"column":0},"end":{"line":70,"column":46}},"70":{"start":{"line":71,"column":0},"end":{"line":71,"column":55}},"71":{"start":{"line":72,"column":0},"end":{"line":72,"column":52}},"72":{"start":{"line":73,"column":0},"end":{"line":73,"column":45}},"73":{"start":{"line":74,"column":0},"end":{"line":74,"column":34}},"75":{"start":{"line":76,"column":0},"end":{"line":76,"column":17}},"76":{"start":{"line":77,"column":0},"end":{"line":77,"column":16}},"77":{"start":{"line":78,"column":0},"end":{"line":78,"column":16}},"78":{"start":{"line":79,"column":0},"end":{"line":79,"column":3}},"79":{"start":{"line":80,"column":0},"end":{"line":80,"column":49}},"81":{"start":{"line":82,"column":0},"end":{"line":82,"column":52}},"82":{"start":{"line":83,"column":0},"end":{"line":83,"column":56}},"83":{"start":{"line":84,"column":0},"end":{"line":84,"column":76}},"84":{"start":{"line":85,"column":0},"end":{"line":85,"column":1}},"86":{"start":{"line":87,"column":0},"end":{"line":87,"column":85}},"87":{"start":{"line":88,"column":0},"end":{"line":88,"column":37}},"88":{"start":{"line":89,"column":0},"end":{"line":89,"column":52}},"89":{"start":{"line":90,"column":0},"end":{"line":90,"column":34}},"90":{"start":{"line":91,"column":0},"end":{"line":91,"column":67}},"91":{"start":{"line":92,"column":0},"end":{"line":92,"column":28}},"92":{"start":{"line":93,"column":0},"end":{"line":93,"column":33}},"93":{"start":{"line":94,"column":0},"end":{"line":94,"column":33}},"94":{"start":{"line":95,"column":0},"end":{"line":95,"column":78}},"95":{"start":{"line":96,"column":0},"end":{"line":96,"column":3}},"97":{"start":{"line":98,"column":0},"end":{"line":98,"column":44}},"98":{"start":{"line":99,"column":0},"end":{"line":99,"column":64}},"99":{"start":{"line":100,"column":0},"end":{"line":100,"column":32}},"100":{"start":{"line":101,"column":0},"end":{"line":101,"column":11}},"101":{"start":{"line":102,"column":0},"end":{"line":102,"column":58}},"103":{"start":{"line":104,"column":0},"end":{"line":104,"column":45}},"104":{"start":{"line":105,"column":0},"end":{"line":105,"column":45}},"105":{"start":{"line":106,"column":0},"end":{"line":106,"column":60}},"106":{"start":{"line":107,"column":0},"end":{"line":107,"column":1}},"108":{"start":{"line":109,"column":0},"end":{"line":109,"column":101}},"109":{"start":{"line":110,"column":0},"end":{"line":110,"column":32}},"110":{"start":{"line":111,"column":0},"end":{"line":111,"column":84}},"111":{"start":{"line":112,"column":0},"end":{"line":112,"column":1}},"113":{"start":{"line":114,"column":0},"end":{"line":114,"column":105}},"114":{"start":{"line":115,"column":0},"end":{"line":115,"column":41}},"115":{"start":{"line":116,"column":0},"end":{"line":116,"column":1}},"117":{"start":{"line":118,"column":0},"end":{"line":118,"column":69}},"118":{"start":{"line":119,"column":0},"end":{"line":119,"column":45}},"119":{"start":{"line":120,"column":0},"end":{"line":120,"column":48}},"120":{"start":{"line":121,"column":0},"end":{"line":121,"column":51}},"121":{"start":{"line":122,"column":0},"end":{"line":122,"column":1}},"123":{"start":{"line":124,"column":0},"end":{"line":124,"column":122}},"124":{"start":{"line":125,"column":0},"end":{"line":125,"column":55}},"125":{"start":{"line":126,"column":0},"end":{"line":126,"column":32}},"127":{"start":{"line":128,"column":0},"end":{"line":128,"column":57}},"128":{"start":{"line":129,"column":0},"end":{"line":129,"column":55}},"129":{"start":{"line":130,"column":0},"end":{"line":130,"column":121}},"130":{"start":{"line":131,"column":0},"end":{"line":131,"column":70}},"131":{"start":{"line":132,"column":0},"end":{"line":132,"column":57}},"132":{"start":{"line":133,"column":0},"end":{"line":133,"column":61}},"135":{"start":{"line":136,"column":0},"end":{"line":136,"column":10}},"136":{"start":{"line":137,"column":0},"end":{"line":137,"column":29}},"137":{"start":{"line":138,"column":0},"end":{"line":138,"column":25}},"138":{"start":{"line":139,"column":0},"end":{"line":139,"column":25}},"139":{"start":{"line":140,"column":0},"end":{"line":140,"column":48}},"140":{"start":{"line":141,"column":0},"end":{"line":141,"column":36}},"141":{"start":{"line":142,"column":0},"end":{"line":142,"column":18}},"142":{"start":{"line":143,"column":0},"end":{"line":143,"column":20}},"143":{"start":{"line":144,"column":0},"end":{"line":144,"column":47}},"144":{"start":{"line":145,"column":0},"end":{"line":145,"column":44}},"145":{"start":{"line":146,"column":0},"end":{"line":146,"column":52}},"146":{"start":{"line":147,"column":0},"end":{"line":147,"column":43}},"147":{"start":{"line":148,"column":0},"end":{"line":148,"column":73}},"148":{"start":{"line":149,"column":0},"end":{"line":149,"column":69}},"149":{"start":{"line":150,"column":0},"end":{"line":150,"column":71}},"150":{"start":{"line":151,"column":0},"end":{"line":151,"column":23}},"151":{"start":{"line":152,"column":0},"end":{"line":152,"column":22}},"152":{"start":{"line":153,"column":0},"end":{"line":153,"column":4}},"153":{"start":{"line":154,"column":0},"end":{"line":154,"column":1}},"155":{"start":{"line":156,"column":0},"end":{"line":156,"column":55}},"162":{"start":{"line":163,"column":0},"end":{"line":163,"column":20}},"163":{"start":{"line":164,"column":0},"end":{"line":164,"column":10}},"164":{"start":{"line":165,"column":0},"end":{"line":165,"column":44}},"165":{"start":{"line":166,"column":0},"end":{"line":166,"column":18}},"166":{"start":{"line":167,"column":0},"end":{"line":167,"column":18}},"167":{"start":{"line":168,"column":0},"end":{"line":168,"column":16}},"168":{"start":{"line":169,"column":0},"end":{"line":169,"column":20}},"169":{"start":{"line":170,"column":0},"end":{"line":170,"column":23}},"170":{"start":{"line":171,"column":0},"end":{"line":171,"column":25}},"171":{"start":{"line":172,"column":0},"end":{"line":172,"column":34}},"172":{"start":{"line":173,"column":0},"end":{"line":173,"column":27}},"173":{"start":{"line":174,"column":0},"end":{"line":174,"column":26}},"174":{"start":{"line":175,"column":0},"end":{"line":175,"column":30}},"175":{"start":{"line":176,"column":0},"end":{"line":176,"column":43}},"176":{"start":{"line":177,"column":0},"end":{"line":177,"column":40}},"177":{"start":{"line":178,"column":0},"end":{"line":178,"column":37}},"178":{"start":{"line":179,"column":0},"end":{"line":179,"column":21}},"179":{"start":{"line":180,"column":0},"end":{"line":180,"column":4}},"180":{"start":{"line":181,"column":0},"end":{"line":181,"column":1}},"182":{"start":{"line":183,"column":0},"end":{"line":183,"column":143}},"183":{"start":{"line":184,"column":0},"end":{"line":184,"column":83}},"184":{"start":{"line":185,"column":0},"end":{"line":185,"column":73}},"185":{"start":{"line":186,"column":0},"end":{"line":186,"column":59}},"186":{"start":{"line":187,"column":0},"end":{"line":187,"column":59}},"187":{"start":{"line":188,"column":0},"end":{"line":188,"column":107}},"188":{"start":{"line":189,"column":0},"end":{"line":189,"column":35}},"189":{"start":{"line":190,"column":0},"end":{"line":190,"column":3}},"190":{"start":{"line":191,"column":0},"end":{"line":191,"column":69}},"191":{"start":{"line":192,"column":0},"end":{"line":192,"column":1}},"193":{"start":{"line":194,"column":0},"end":{"line":194,"column":120}},"194":{"start":{"line":195,"column":0},"end":{"line":195,"column":56}},"195":{"start":{"line":196,"column":0},"end":{"line":196,"column":18}},"196":{"start":{"line":197,"column":0},"end":{"line":197,"column":33}},"197":{"start":{"line":198,"column":0},"end":{"line":198,"column":37}},"198":{"start":{"line":199,"column":0},"end":{"line":199,"column":24}},"199":{"start":{"line":200,"column":0},"end":{"line":200,"column":28}},"200":{"start":{"line":201,"column":0},"end":{"line":201,"column":20}},"201":{"start":{"line":202,"column":0},"end":{"line":202,"column":24}},"202":{"start":{"line":203,"column":0},"end":{"line":203,"column":27}},"203":{"start":{"line":204,"column":0},"end":{"line":204,"column":31}},"204":{"start":{"line":205,"column":0},"end":{"line":205,"column":12}},"205":{"start":{"line":206,"column":0},"end":{"line":206,"column":34}},"206":{"start":{"line":207,"column":0},"end":{"line":207,"column":3}},"207":{"start":{"line":208,"column":0},"end":{"line":208,"column":1}},"209":{"start":{"line":210,"column":0},"end":{"line":210,"column":129}},"215":{"start":{"line":216,"column":0},"end":{"line":216,"column":56}},"216":{"start":{"line":217,"column":0},"end":{"line":217,"column":42}},"217":{"start":{"line":218,"column":0},"end":{"line":218,"column":12}},"218":{"start":{"line":219,"column":0},"end":{"line":219,"column":23}},"219":{"start":{"line":220,"column":0},"end":{"line":220,"column":27}},"220":{"start":{"line":221,"column":0},"end":{"line":221,"column":24}},"221":{"start":{"line":222,"column":0},"end":{"line":222,"column":16}},"222":{"start":{"line":223,"column":0},"end":{"line":223,"column":6}},"223":{"start":{"line":224,"column":0},"end":{"line":224,"column":3}},"224":{"start":{"line":225,"column":0},"end":{"line":225,"column":33}},"225":{"start":{"line":226,"column":0},"end":{"line":226,"column":12}},"226":{"start":{"line":227,"column":0},"end":{"line":227,"column":23}},"227":{"start":{"line":228,"column":0},"end":{"line":228,"column":27}},"228":{"start":{"line":229,"column":0},"end":{"line":229,"column":24}},"229":{"start":{"line":230,"column":0},"end":{"line":230,"column":16}},"230":{"start":{"line":231,"column":0},"end":{"line":231,"column":6}},"231":{"start":{"line":232,"column":0},"end":{"line":232,"column":3}},"232":{"start":{"line":233,"column":0},"end":{"line":233,"column":60}},"233":{"start":{"line":234,"column":0},"end":{"line":234,"column":12}},"234":{"start":{"line":235,"column":0},"end":{"line":235,"column":23}},"235":{"start":{"line":236,"column":0},"end":{"line":236,"column":27}},"236":{"start":{"line":237,"column":0},"end":{"line":237,"column":24}},"237":{"start":{"line":238,"column":0},"end":{"line":238,"column":16}},"238":{"start":{"line":239,"column":0},"end":{"line":239,"column":6}},"239":{"start":{"line":240,"column":0},"end":{"line":240,"column":3}},"240":{"start":{"line":241,"column":0},"end":{"line":241,"column":32}},"241":{"start":{"line":242,"column":0},"end":{"line":242,"column":83}},"242":{"start":{"line":243,"column":0},"end":{"line":243,"column":3}},"243":{"start":{"line":244,"column":0},"end":{"line":244,"column":32}},"244":{"start":{"line":245,"column":0},"end":{"line":245,"column":83}},"245":{"start":{"line":246,"column":0},"end":{"line":246,"column":3}},"246":{"start":{"line":247,"column":0},"end":{"line":247,"column":32}},"247":{"start":{"line":248,"column":0},"end":{"line":248,"column":83}},"248":{"start":{"line":249,"column":0},"end":{"line":249,"column":3}},"249":{"start":{"line":250,"column":0},"end":{"line":250,"column":81}},"250":{"start":{"line":251,"column":0},"end":{"line":251,"column":1}},"252":{"start":{"line":253,"column":0},"end":{"line":253,"column":68}},"253":{"start":{"line":254,"column":0},"end":{"line":254,"column":42}},"254":{"start":{"line":255,"column":0},"end":{"line":255,"column":44}},"255":{"start":{"line":256,"column":0},"end":{"line":256,"column":74}},"256":{"start":{"line":257,"column":0},"end":{"line":257,"column":53}},"257":{"start":{"line":258,"column":0},"end":{"line":258,"column":1}},"259":{"start":{"line":260,"column":0},"end":{"line":260,"column":80}},"260":{"start":{"line":261,"column":0},"end":{"line":261,"column":98}},"261":{"start":{"line":262,"column":0},"end":{"line":262,"column":1}},"263":{"start":{"line":264,"column":0},"end":{"line":264,"column":92}},"264":{"start":{"line":265,"column":0},"end":{"line":265,"column":63}},"265":{"start":{"line":266,"column":0},"end":{"line":266,"column":111}},"266":{"start":{"line":267,"column":0},"end":{"line":267,"column":10}},"267":{"start":{"line":268,"column":0},"end":{"line":268,"column":32}},"268":{"start":{"line":269,"column":0},"end":{"line":269,"column":89}},"269":{"start":{"line":270,"column":0},"end":{"line":270,"column":59}},"271":{"start":{"line":272,"column":0},"end":{"line":272,"column":1}},"273":{"start":{"line":274,"column":0},"end":{"line":274,"column":94}},"274":{"start":{"line":275,"column":0},"end":{"line":275,"column":51}},"275":{"start":{"line":276,"column":0},"end":{"line":276,"column":58}},"276":{"start":{"line":277,"column":0},"end":{"line":277,"column":3}},"277":{"start":{"line":278,"column":0},"end":{"line":278,"column":51}},"278":{"start":{"line":279,"column":0},"end":{"line":279,"column":58}},"279":{"start":{"line":280,"column":0},"end":{"line":280,"column":3}},"280":{"start":{"line":281,"column":0},"end":{"line":281,"column":92}},"281":{"start":{"line":282,"column":0},"end":{"line":282,"column":1}},"283":{"start":{"line":284,"column":0},"end":{"line":284,"column":129}},"284":{"start":{"line":285,"column":0},"end":{"line":285,"column":68}},"285":{"start":{"line":286,"column":0},"end":{"line":286,"column":31}},"287":{"start":{"line":288,"column":0},"end":{"line":288,"column":36}},"288":{"start":{"line":289,"column":0},"end":{"line":289,"column":89}},"289":{"start":{"line":290,"column":0},"end":{"line":290,"column":26}},"290":{"start":{"line":291,"column":0},"end":{"line":291,"column":75}},"291":{"start":{"line":292,"column":0},"end":{"line":292,"column":13}},"292":{"start":{"line":293,"column":0},"end":{"line":293,"column":5}},"293":{"start":{"line":294,"column":0},"end":{"line":294,"column":30}},"294":{"start":{"line":295,"column":0},"end":{"line":295,"column":5}},"296":{"start":{"line":297,"column":0},"end":{"line":297,"column":15}},"297":{"start":{"line":298,"column":0},"end":{"line":298,"column":118}},"298":{"start":{"line":299,"column":0},"end":{"line":299,"column":101}},"299":{"start":{"line":300,"column":0},"end":{"line":300,"column":1}},"301":{"start":{"line":302,"column":0},"end":{"line":302,"column":99}},"302":{"start":{"line":303,"column":0},"end":{"line":303,"column":56}},"303":{"start":{"line":304,"column":0},"end":{"line":304,"column":1}},"305":{"start":{"line":306,"column":0},"end":{"line":306,"column":44}},"306":{"start":{"line":307,"column":0},"end":{"line":307,"column":27}},"307":{"start":{"line":308,"column":0},"end":{"line":308,"column":41}},"309":{"start":{"line":310,"column":0},"end":{"line":310,"column":48}},"310":{"start":{"line":311,"column":0},"end":{"line":311,"column":35}},"311":{"start":{"line":312,"column":0},"end":{"line":312,"column":30}},"312":{"start":{"line":313,"column":0},"end":{"line":313,"column":33}},"313":{"start":{"line":314,"column":0},"end":{"line":314,"column":26}},"314":{"start":{"line":315,"column":0},"end":{"line":315,"column":26}},"315":{"start":{"line":316,"column":0},"end":{"line":316,"column":26}},"316":{"start":{"line":317,"column":0},"end":{"line":317,"column":26}},"318":{"start":{"line":319,"column":0},"end":{"line":319,"column":1}}},"s":{"43":6,"44":6,"45":6,"46":0,"47":6,"49":18,"50":18,"51":18,"52":18,"54":0,"55":0,"56":0,"58":6,"59":6,"60":5,"61":5,"63":1,"64":6,"65":25,"66":25,"68":1,"69":1,"70":1,"71":1,"72":1,"73":6,"75":1,"76":1,"77":1,"78":1,"79":6,"81":1,"82":1,"83":6,"84":6,"86":6,"87":6,"88":6,"89":6,"90":5,"91":6,"92":5,"93":5,"94":6,"95":6,"97":0,"98":0,"99":0,"100":0,"101":6,"103":0,"104":0,"105":6,"106":6,"108":18,"109":18,"110":18,"111":18,"113":0,"114":0,"115":0,"117":15,"118":15,"119":13,"120":15,"121":15,"123":1,"124":6,"125":6,"127":6,"128":6,"129":6,"130":6,"131":6,"132":6,"135":6,"136":6,"137":6,"138":6,"139":6,"140":6,"141":6,"142":6,"143":6,"144":6,"145":6,"146":6,"147":6,"148":6,"149":6,"150":6,"151":6,"152":6,"153":6,"155":1,"162":3,"163":3,"164":3,"165":3,"166":3,"167":3,"168":3,"169":3,"170":3,"171":3,"172":3,"173":3,"174":3,"175":3,"176":3,"177":3,"178":3,"179":3,"180":3,"182":1,"183":9,"184":9,"185":9,"186":9,"187":9,"188":3,"189":3,"190":9,"191":9,"193":1,"194":3,"195":3,"196":3,"197":1,"198":3,"199":1,"200":3,"201":1,"202":3,"203":0,"204":3,"205":0,"206":3,"207":3,"209":1,"215":3,"216":3,"217":1,"218":1,"219":1,"220":1,"221":1,"222":1,"223":1,"224":3,"225":1,"226":1,"227":1,"228":1,"229":1,"230":1,"231":1,"232":3,"233":1,"234":1,"235":1,"236":1,"237":1,"238":1,"239":1,"240":0,"241":0,"242":0,"243":0,"244":0,"245":0,"246":0,"247":0,"248":0,"249":0,"250":0,"252":0,"253":0,"254":0,"255":0,"256":0,"257":0,"259":0,"260":0,"261":0,"263":1,"264":2,"265":2,"266":0,"267":0,"268":0,"269":0,"271":2,"273":1,"274":1,"275":1,"276":1,"277":1,"278":0,"279":0,"280":1,"281":1,"283":1,"284":1,"285":1,"287":1,"288":1,"289":1,"290":1,"291":1,"292":1,"293":0,"294":0,"296":1,"297":1,"298":1,"299":1,"301":1,"302":0,"303":0,"305":1,"306":2,"307":2,"309":2,"310":2,"311":2,"312":2,"313":2,"314":1,"315":1,"316":1,"318":2},"branchMap":{"0":{"type":"branch","line":44,"loc":{"start":{"line":44,"column":0},"end":{"line":48,"column":1}},"locations":[{"start":{"line":44,"column":0},"end":{"line":48,"column":1}}]},"1":{"type":"branch","line":46,"loc":{"start":{"line":46,"column":6},"end":{"line":47,"column":11}},"locations":[{"start":{"line":46,"column":6},"end":{"line":47,"column":11}}]},"2":{"type":"branch","line":50,"loc":{"start":{"line":50,"column":0},"end":{"line":53,"column":1}},"locations":[{"start":{"line":50,"column":0},"end":{"line":53,"column":1}}]},"3":{"type":"branch","line":51,"loc":{"start":{"line":51,"column":46},"end":{"line":51,"column":68}},"locations":[{"start":{"line":51,"column":46},"end":{"line":51,"column":68}}]},"4":{"type":"branch","line":52,"loc":{"start":{"line":52,"column":36},"end":{"line":52,"column":51}},"locations":[{"start":{"line":52,"column":36},"end":{"line":52,"column":51}}]},"5":{"type":"branch","line":59,"loc":{"start":{"line":59,"column":0},"end":{"line":85,"column":1}},"locations":[{"start":{"line":59,"column":0},"end":{"line":85,"column":1}}]},"6":{"type":"branch","line":60,"loc":{"start":{"line":60,"column":29},"end":{"line":60,"column":66}},"locations":[{"start":{"line":60,"column":29},"end":{"line":60,"column":66}}]},"7":{"type":"branch","line":60,"loc":{"start":{"line":60,"column":60},"end":{"line":60,"column":93}},"locations":[{"start":{"line":60,"column":60},"end":{"line":60,"column":93}}]},"8":{"type":"branch","line":60,"loc":{"start":{"line":60,"column":93},"end":{"line":62,"column":3}},"locations":[{"start":{"line":60,"column":93},"end":{"line":62,"column":3}}]},"9":{"type":"branch","line":62,"loc":{"start":{"line":62,"column":2},"end":{"line":65,"column":59}},"locations":[{"start":{"line":62,"column":2},"end":{"line":65,"column":59}}]},"10":{"type":"branch","line":65,"loc":{"start":{"line":65,"column":59},"end":{"line":67,"column":3}},"locations":[{"start":{"line":65,"column":59},"end":{"line":67,"column":3}}]},"11":{"type":"branch","line":67,"loc":{"start":{"line":67,"column":2},"end":{"line":74,"column":22}},"locations":[{"start":{"line":67,"column":2},"end":{"line":74,"column":22}}]},"12":{"type":"branch","line":74,"loc":{"start":{"line":74,"column":22},"end":{"line":74,"column":34}},"locations":[{"start":{"line":74,"column":22},"end":{"line":74,"column":34}}]},"13":{"type":"branch","line":74,"loc":{"start":{"line":74,"column":29},"end":{"line":80,"column":37}},"locations":[{"start":{"line":74,"column":29},"end":{"line":80,"column":37}}]},"14":{"type":"branch","line":80,"loc":{"start":{"line":80,"column":37},"end":{"line":80,"column":49}},"locations":[{"start":{"line":80,"column":37},"end":{"line":80,"column":49}}]},"15":{"type":"branch","line":80,"loc":{"start":{"line":80,"column":44},"end":{"line":84,"column":56}},"locations":[{"start":{"line":80,"column":44},"end":{"line":84,"column":56}}]},"16":{"type":"branch","line":84,"loc":{"start":{"line":84,"column":49},"end":{"line":84,"column":71}},"locations":[{"start":{"line":84,"column":49},"end":{"line":84,"column":71}}]},"17":{"type":"branch","line":84,"loc":{"start":{"line":84,"column":67},"end":{"line":84,"column":76}},"locations":[{"start":{"line":84,"column":67},"end":{"line":84,"column":76}}]},"18":{"type":"branch","line":87,"loc":{"start":{"line":87,"column":0},"end":{"line":107,"column":1}},"locations":[{"start":{"line":87,"column":0},"end":{"line":107,"column":1}}]},"19":{"type":"branch","line":90,"loc":{"start":{"line":90,"column":18},"end":{"line":90,"column":34}},"locations":[{"start":{"line":90,"column":18},"end":{"line":90,"column":34}}]},"20":{"type":"branch","line":90,"loc":{"start":{"line":90,"column":25},"end":{"line":92,"column":16}},"locations":[{"start":{"line":90,"column":25},"end":{"line":92,"column":16}}]},"21":{"type":"branch","line":92,"loc":{"start":{"line":92,"column":16},"end":{"line":92,"column":28}},"locations":[{"start":{"line":92,"column":16},"end":{"line":92,"column":28}}]},"22":{"type":"branch","line":92,"loc":{"start":{"line":92,"column":23},"end":{"line":95,"column":58}},"locations":[{"start":{"line":92,"column":23},"end":{"line":95,"column":58}}]},"23":{"type":"branch","line":95,"loc":{"start":{"line":95,"column":51},"end":{"line":95,"column":73}},"locations":[{"start":{"line":95,"column":51},"end":{"line":95,"column":73}}]},"24":{"type":"branch","line":95,"loc":{"start":{"line":95,"column":69},"end":{"line":95,"column":78}},"locations":[{"start":{"line":95,"column":69},"end":{"line":95,"column":78}}]},"25":{"type":"branch","line":96,"loc":{"start":{"line":96,"column":2},"end":{"line":99,"column":64}},"locations":[{"start":{"line":96,"column":2},"end":{"line":99,"column":64}}]},"26":{"type":"branch","line":99,"loc":{"start":{"line":99,"column":52},"end":{"line":100,"column":32}},"locations":[{"start":{"line":99,"column":52},"end":{"line":100,"column":32}}]},"27":{"type":"branch","line":101,"loc":{"start":{"line":101,"column":-1},"end":{"line":101,"column":11}},"locations":[{"start":{"line":101,"column":-1},"end":{"line":101,"column":11}}]},"28":{"type":"branch","line":102,"loc":{"start":{"line":102,"column":7},"end":{"line":102,"column":46}},"locations":[{"start":{"line":102,"column":7},"end":{"line":102,"column":46}}]},"29":{"type":"branch","line":102,"loc":{"start":{"line":102,"column":46},"end":{"line":106,"column":40}},"locations":[{"start":{"line":102,"column":46},"end":{"line":106,"column":40}}]},"30":{"type":"branch","line":106,"loc":{"start":{"line":106,"column":33},"end":{"line":106,"column":55}},"locations":[{"start":{"line":106,"column":33},"end":{"line":106,"column":55}}]},"31":{"type":"branch","line":106,"loc":{"start":{"line":106,"column":51},"end":{"line":106,"column":60}},"locations":[{"start":{"line":106,"column":51},"end":{"line":106,"column":60}}]},"32":{"type":"branch","line":109,"loc":{"start":{"line":109,"column":0},"end":{"line":112,"column":1}},"locations":[{"start":{"line":109,"column":0},"end":{"line":112,"column":1}}]},"33":{"type":"branch","line":111,"loc":{"start":{"line":111,"column":26},"end":{"line":111,"column":64}},"locations":[{"start":{"line":111,"column":26},"end":{"line":111,"column":64}}]},"34":{"type":"branch","line":111,"loc":{"start":{"line":111,"column":60},"end":{"line":111,"column":79}},"locations":[{"start":{"line":111,"column":60},"end":{"line":111,"column":79}}]},"35":{"type":"branch","line":111,"loc":{"start":{"line":111,"column":74},"end":{"line":111,"column":84}},"locations":[{"start":{"line":111,"column":74},"end":{"line":111,"column":84}}]},"36":{"type":"branch","line":118,"loc":{"start":{"line":118,"column":0},"end":{"line":122,"column":1}},"locations":[{"start":{"line":118,"column":0},"end":{"line":122,"column":1}}]},"37":{"type":"branch","line":119,"loc":{"start":{"line":119,"column":33},"end":{"line":119,"column":45}},"locations":[{"start":{"line":119,"column":33},"end":{"line":119,"column":45}}]},"38":{"type":"branch","line":119,"loc":{"start":{"line":119,"column":40},"end":{"line":121,"column":46}},"locations":[{"start":{"line":119,"column":40},"end":{"line":121,"column":46}}]},"39":{"type":"branch","line":121,"loc":{"start":{"line":121,"column":33},"end":{"line":121,"column":51}},"locations":[{"start":{"line":121,"column":33},"end":{"line":121,"column":51}}]},"40":{"type":"branch","line":124,"loc":{"start":{"line":124,"column":7},"end":{"line":154,"column":1}},"locations":[{"start":{"line":124,"column":7},"end":{"line":154,"column":1}}]},"41":{"type":"branch","line":126,"loc":{"start":{"line":126,"column":20},"end":{"line":126,"column":32}},"locations":[{"start":{"line":126,"column":20},"end":{"line":126,"column":32}}]},"42":{"type":"branch","line":130,"loc":{"start":{"line":130,"column":61},"end":{"line":130,"column":121}},"locations":[{"start":{"line":130,"column":61},"end":{"line":130,"column":121}}]},"43":{"type":"branch","line":131,"loc":{"start":{"line":131,"column":30},"end":{"line":131,"column":66}},"locations":[{"start":{"line":131,"column":30},"end":{"line":131,"column":66}}]},"44":{"type":"branch","line":131,"loc":{"start":{"line":131,"column":49},"end":{"line":131,"column":70}},"locations":[{"start":{"line":131,"column":49},"end":{"line":131,"column":70}}]},"45":{"type":"branch","line":133,"loc":{"start":{"line":133,"column":27},"end":{"line":133,"column":61}},"locations":[{"start":{"line":133,"column":27},"end":{"line":133,"column":61}}]},"46":{"type":"branch","line":137,"loc":{"start":{"line":137,"column":21},"end":{"line":137,"column":29}},"locations":[{"start":{"line":137,"column":21},"end":{"line":137,"column":29}}]},"47":{"type":"branch","line":140,"loc":{"start":{"line":140,"column":41},"end":{"line":140,"column":48}},"locations":[{"start":{"line":140,"column":41},"end":{"line":140,"column":48}}]},"48":{"type":"branch","line":144,"loc":{"start":{"line":144,"column":39},"end":{"line":144,"column":47}},"locations":[{"start":{"line":144,"column":39},"end":{"line":144,"column":47}}]},"49":{"type":"branch","line":145,"loc":{"start":{"line":145,"column":29},"end":{"line":145,"column":44}},"locations":[{"start":{"line":145,"column":29},"end":{"line":145,"column":44}}]},"50":{"type":"branch","line":146,"loc":{"start":{"line":146,"column":37},"end":{"line":146,"column":52}},"locations":[{"start":{"line":146,"column":37},"end":{"line":146,"column":52}}]},"51":{"type":"branch","line":147,"loc":{"start":{"line":147,"column":35},"end":{"line":147,"column":43}},"locations":[{"start":{"line":147,"column":35},"end":{"line":147,"column":43}}]},"52":{"type":"branch","line":148,"loc":{"start":{"line":148,"column":50},"end":{"line":148,"column":73}},"locations":[{"start":{"line":148,"column":50},"end":{"line":148,"column":73}}]},"53":{"type":"branch","line":156,"loc":{"start":{"line":156,"column":7},"end":{"line":181,"column":1}},"locations":[{"start":{"line":156,"column":7},"end":{"line":181,"column":1}}]},"54":{"type":"branch","line":176,"loc":{"start":{"line":176,"column":36},"end":{"line":176,"column":43}},"locations":[{"start":{"line":176,"column":36},"end":{"line":176,"column":43}}]},"55":{"type":"branch","line":183,"loc":{"start":{"line":183,"column":7},"end":{"line":192,"column":1}},"locations":[{"start":{"line":183,"column":7},"end":{"line":192,"column":1}}]},"56":{"type":"branch","line":185,"loc":{"start":{"line":185,"column":48},"end":{"line":185,"column":73}},"locations":[{"start":{"line":185,"column":48},"end":{"line":185,"column":73}}]},"57":{"type":"branch","line":186,"loc":{"start":{"line":186,"column":41},"end":{"line":186,"column":59}},"locations":[{"start":{"line":186,"column":41},"end":{"line":186,"column":59}}]},"58":{"type":"branch","line":186,"loc":{"start":{"line":186,"column":48},"end":{"line":187,"column":37}},"locations":[{"start":{"line":186,"column":48},"end":{"line":187,"column":37}}]},"59":{"type":"branch","line":187,"loc":{"start":{"line":187,"column":37},"end":{"line":188,"column":23}},"locations":[{"start":{"line":187,"column":37},"end":{"line":188,"column":23}}]},"60":{"type":"branch","line":188,"loc":{"start":{"line":188,"column":19},"end":{"line":188,"column":24}},"locations":[{"start":{"line":188,"column":19},"end":{"line":188,"column":24}}]},"61":{"type":"branch","line":188,"loc":{"start":{"line":188,"column":50},"end":{"line":188,"column":106}},"locations":[{"start":{"line":188,"column":50},"end":{"line":188,"column":106}}]},"62":{"type":"branch","line":188,"loc":{"start":{"line":188,"column":106},"end":{"line":190,"column":3}},"locations":[{"start":{"line":188,"column":106},"end":{"line":190,"column":3}}]},"63":{"type":"branch","line":190,"loc":{"start":{"line":190,"column":2},"end":{"line":191,"column":59}},"locations":[{"start":{"line":190,"column":2},"end":{"line":191,"column":59}}]},"64":{"type":"branch","line":191,"loc":{"start":{"line":191,"column":47},"end":{"line":191,"column":69}},"locations":[{"start":{"line":191,"column":47},"end":{"line":191,"column":69}}]},"65":{"type":"branch","line":194,"loc":{"start":{"line":194,"column":7},"end":{"line":208,"column":1}},"locations":[{"start":{"line":194,"column":7},"end":{"line":208,"column":1}}]},"66":{"type":"branch","line":197,"loc":{"start":{"line":197,"column":4},"end":{"line":198,"column":37}},"locations":[{"start":{"line":197,"column":4},"end":{"line":198,"column":37}}]},"67":{"type":"branch","line":199,"loc":{"start":{"line":199,"column":4},"end":{"line":200,"column":28}},"locations":[{"start":{"line":199,"column":4},"end":{"line":200,"column":28}}]},"68":{"type":"branch","line":201,"loc":{"start":{"line":201,"column":4},"end":{"line":202,"column":24}},"locations":[{"start":{"line":201,"column":4},"end":{"line":202,"column":24}}]},"69":{"type":"branch","line":203,"loc":{"start":{"line":203,"column":4},"end":{"line":204,"column":31}},"locations":[{"start":{"line":203,"column":4},"end":{"line":204,"column":31}}]},"70":{"type":"branch","line":205,"loc":{"start":{"line":205,"column":4},"end":{"line":206,"column":34}},"locations":[{"start":{"line":205,"column":4},"end":{"line":206,"column":34}}]},"71":{"type":"branch","line":210,"loc":{"start":{"line":210,"column":7},"end":{"line":251,"column":1}},"locations":[{"start":{"line":210,"column":7},"end":{"line":251,"column":1}}]},"72":{"type":"branch","line":217,"loc":{"start":{"line":217,"column":41},"end":{"line":224,"column":3}},"locations":[{"start":{"line":217,"column":41},"end":{"line":224,"column":3}}]},"73":{"type":"branch","line":224,"loc":{"start":{"line":224,"column":2},"end":{"line":225,"column":32}},"locations":[{"start":{"line":224,"column":2},"end":{"line":225,"column":32}}]},"74":{"type":"branch","line":225,"loc":{"start":{"line":225,"column":32},"end":{"line":233,"column":30}},"locations":[{"start":{"line":225,"column":32},"end":{"line":233,"column":30}}]},"75":{"type":"branch","line":233,"loc":{"start":{"line":233,"column":16},"end":{"line":233,"column":59}},"locations":[{"start":{"line":233,"column":16},"end":{"line":233,"column":59}}]},"76":{"type":"branch","line":233,"loc":{"start":{"line":233,"column":59},"end":{"line":240,"column":3}},"locations":[{"start":{"line":233,"column":59},"end":{"line":240,"column":3}}]},"77":{"type":"branch","line":240,"loc":{"start":{"line":240,"column":2},"end":{"line":251,"column":1}},"locations":[{"start":{"line":240,"column":2},"end":{"line":251,"column":1}}]},"78":{"type":"branch","line":264,"loc":{"start":{"line":264,"column":7},"end":{"line":272,"column":1}},"locations":[{"start":{"line":264,"column":7},"end":{"line":272,"column":1}}]},"79":{"type":"branch","line":265,"loc":{"start":{"line":265,"column":51},"end":{"line":266,"column":49}},"locations":[{"start":{"line":265,"column":51},"end":{"line":266,"column":49}}]},"80":{"type":"branch","line":266,"loc":{"start":{"line":266,"column":49},"end":{"line":266,"column":97}},"locations":[{"start":{"line":266,"column":49},"end":{"line":266,"column":97}}]},"81":{"type":"branch","line":266,"loc":{"start":{"line":266,"column":99},"end":{"line":266,"column":111}},"locations":[{"start":{"line":266,"column":99},"end":{"line":266,"column":111}}]},"82":{"type":"branch","line":266,"loc":{"start":{"line":266,"column":106},"end":{"line":269,"column":89}},"locations":[{"start":{"line":266,"column":106},"end":{"line":269,"column":89}}]},"83":{"type":"branch","line":269,"loc":{"start":{"line":269,"column":88},"end":{"line":270,"column":59}},"locations":[{"start":{"line":269,"column":88},"end":{"line":270,"column":59}}]},"84":{"type":"branch","line":274,"loc":{"start":{"line":274,"column":0},"end":{"line":282,"column":1}},"locations":[{"start":{"line":274,"column":0},"end":{"line":282,"column":1}}]},"85":{"type":"branch","line":277,"loc":{"start":{"line":277,"column":2},"end":{"line":278,"column":48}},"locations":[{"start":{"line":277,"column":2},"end":{"line":278,"column":48}}]},"86":{"type":"branch","line":278,"loc":{"start":{"line":278,"column":50},"end":{"line":281,"column":90}},"locations":[{"start":{"line":278,"column":50},"end":{"line":281,"column":90}}]},"87":{"type":"branch","line":284,"loc":{"start":{"line":284,"column":7},"end":{"line":300,"column":1}},"locations":[{"start":{"line":284,"column":7},"end":{"line":300,"column":1}}]},"88":{"type":"branch","line":285,"loc":{"start":{"line":285,"column":34},"end":{"line":285,"column":57}},"locations":[{"start":{"line":285,"column":34},"end":{"line":285,"column":57}}]},"89":{"type":"branch","line":288,"loc":{"start":{"line":288,"column":20},"end":{"line":295,"column":5}},"locations":[{"start":{"line":288,"column":20},"end":{"line":295,"column":5}}]},"90":{"type":"branch","line":293,"loc":{"start":{"line":293,"column":4},"end":{"line":295,"column":5}},"locations":[{"start":{"line":293,"column":4},"end":{"line":295,"column":5}}]},"91":{"type":"branch","line":289,"loc":{"start":{"line":289,"column":40},"end":{"line":289,"column":89}},"locations":[{"start":{"line":289,"column":40},"end":{"line":289,"column":89}}]},"92":{"type":"branch","line":298,"loc":{"start":{"line":298,"column":12},"end":{"line":298,"column":118}},"locations":[{"start":{"line":298,"column":12},"end":{"line":298,"column":118}}]},"93":{"type":"branch","line":298,"loc":{"start":{"line":298,"column":53},"end":{"line":298,"column":112}},"locations":[{"start":{"line":298,"column":53},"end":{"line":298,"column":112}}]},"94":{"type":"branch","line":306,"loc":{"start":{"line":306,"column":7},"end":{"line":319,"column":1}},"locations":[{"start":{"line":306,"column":7},"end":{"line":319,"column":1}}]},"95":{"type":"branch","line":311,"loc":{"start":{"line":311,"column":23},"end":{"line":317,"column":26}},"locations":[{"start":{"line":311,"column":23},"end":{"line":317,"column":26}}]},"96":{"type":"branch","line":314,"loc":{"start":{"line":314,"column":20},"end":{"line":315,"column":26}},"locations":[{"start":{"line":314,"column":20},"end":{"line":315,"column":26}}]},"97":{"type":"branch","line":315,"loc":{"start":{"line":315,"column":20},"end":{"line":316,"column":26}},"locations":[{"start":{"line":315,"column":20},"end":{"line":316,"column":26}}]},"98":{"type":"branch","line":316,"loc":{"start":{"line":316,"column":20},"end":{"line":317,"column":26}},"locations":[{"start":{"line":316,"column":20},"end":{"line":317,"column":26}}]}},"b":{"0":[6],"1":[0],"2":[18],"3":[0],"4":[0],"5":[6],"6":[1],"7":[1],"8":[5],"9":[1],"10":[25],"11":[1],"12":[0],"13":[1],"14":[0],"15":[1],"16":[1],"17":[0],"18":[6],"19":[1],"20":[5],"21":[0],"22":[5],"23":[5],"24":[0],"25":[0],"26":[0],"27":[0],"28":[0],"29":[0],"30":[0],"31":[0],"32":[18],"33":[5],"34":[5],"35":[13],"36":[15],"37":[2],"38":[13],"39":[0],"40":[6],"41":[0],"42":[0],"43":[0],"44":[0],"45":[2],"46":[0],"47":[0],"48":[0],"49":[0],"50":[0],"51":[0],"52":[4],"53":[3],"54":[0],"55":[9],"56":[0],"57":[3],"58":[6],"59":[3],"60":[0],"61":[3],"62":[3],"63":[0],"64":[0],"65":[3],"66":[1],"67":[1],"68":[1],"69":[0],"70":[0],"71":[3],"72":[1],"73":[2],"74":[1],"75":[0],"76":[1],"77":[0],"78":[2],"79":[1],"80":[1],"81":[1],"82":[0],"83":[0],"84":[1],"85":[0],"86":[0],"87":[1],"88":[0],"89":[1],"90":[0],"91":[1],"92":[1],"93":[1],"94":[2],"95":[2],"96":[1],"97":[1],"98":[1]},"fnMap":{"0":{"name":"asObject","decl":{"start":{"line":44,"column":0},"end":{"line":48,"column":1}},"loc":{"start":{"line":44,"column":0},"end":{"line":48,"column":1}},"line":44},"1":{"name":"toFiniteNumber","decl":{"start":{"line":50,"column":0},"end":{"line":53,"column":1}},"loc":{"start":{"line":50,"column":0},"end":{"line":53,"column":1}},"line":50},"2":{"name":"normalizeDescription","decl":{"start":{"line":55,"column":0},"end":{"line":57,"column":1}},"loc":{"start":{"line":55,"column":0},"end":{"line":57,"column":1}},"line":55},"3":{"name":"parseHexEncodedPoint","decl":{"start":{"line":59,"column":0},"end":{"line":85,"column":1}},"loc":{"start":{"line":59,"column":0},"end":{"line":85,"column":1}},"line":59},"4":{"name":"parsePointLocation","decl":{"start":{"line":87,"column":0},"end":{"line":107,"column":1}},"loc":{"start":{"line":87,"column":0},"end":{"line":107,"column":1}},"line":87},"5":{"name":"extractFeatureString","decl":{"start":{"line":109,"column":0},"end":{"line":112,"column":1}},"loc":{"start":{"line":109,"column":0},"end":{"line":112,"column":1}},"line":109},"6":{"name":"extractFeatureConfidence","decl":{"start":{"line":114,"column":0},"end":{"line":116,"column":1}},"loc":{"start":{"line":114,"column":0},"end":{"line":116,"column":1}},"line":114},"7":{"name":"normalizeVerificationStatus","decl":{"start":{"line":118,"column":0},"end":{"line":122,"column":1}},"loc":{"start":{"line":118,"column":0},"end":{"line":122,"column":1}},"line":118},"8":{"name":"parseAvalancheEventRow","decl":{"start":{"line":124,"column":7},"end":{"line":154,"column":1}},"loc":{"start":{"line":124,"column":7},"end":{"line":154,"column":1}},"line":124},"9":{"name":"buildOptimisticFieldReportEvent","decl":{"start":{"line":156,"column":7},"end":{"line":181,"column":1}},"loc":{"start":{"line":156,"column":7},"end":{"line":181,"column":1}},"line":156},"10":{"name":"getAvalancheEventGovernanceState","decl":{"start":{"line":183,"column":7},"end":{"line":192,"column":1}},"loc":{"start":{"line":183,"column":7},"end":{"line":192,"column":1}},"line":183},"11":{"name":"getAvalancheEventGovernanceLabel","decl":{"start":{"line":194,"column":7},"end":{"line":208,"column":1}},"loc":{"start":{"line":194,"column":7},"end":{"line":208,"column":1}},"line":194},"12":{"name":"getAvalancheEventMarkerAppearance","decl":{"start":{"line":210,"column":7},"end":{"line":251,"column":1}},"loc":{"start":{"line":210,"column":7},"end":{"line":251,"column":1}},"line":210},"13":{"name":"sameTimestampWindow","decl":{"start":{"line":253,"column":0},"end":{"line":258,"column":1}},"loc":{"start":{"line":253,"column":0},"end":{"line":258,"column":1}},"line":253},"14":{"name":"sameCoordinates","decl":{"start":{"line":260,"column":0},"end":{"line":262,"column":1}},"loc":{"start":{"line":260,"column":0},"end":{"line":262,"column":1}},"line":260},"15":{"name":"isSameAvalancheEvent","decl":{"start":{"line":264,"column":7},"end":{"line":272,"column":1}},"loc":{"start":{"line":264,"column":7},"end":{"line":272,"column":1}},"line":264},"16":{"name":"mergeEventRecord","decl":{"start":{"line":274,"column":0},"end":{"line":282,"column":1}},"loc":{"start":{"line":274,"column":0},"end":{"line":282,"column":1}},"line":274},"17":{"name":"mergeAvalancheEvents","decl":{"start":{"line":284,"column":7},"end":{"line":300,"column":1}},"loc":{"start":{"line":284,"column":7},"end":{"line":300,"column":1}},"line":284},"18":{"name":"removeAvalancheEvent","decl":{"start":{"line":302,"column":7},"end":{"line":304,"column":1}},"loc":{"start":{"line":302,"column":7},"end":{"line":304,"column":1}},"line":302},"19":{"name":"filterAvalancheEventsByBbox","decl":{"start":{"line":306,"column":7},"end":{"line":319,"column":1}},"loc":{"start":{"line":306,"column":7},"end":{"line":319,"column":1}},"line":306}},"f":{"0":6,"1":18,"2":0,"3":6,"4":6,"5":18,"6":0,"7":15,"8":6,"9":3,"10":9,"11":3,"12":3,"13":0,"14":0,"15":2,"16":1,"17":1,"18":0,"19":2}}
,"/Users/sanjayb/avalanche-insight-hub/src/lib/constants.ts": {"path":"/Users/sanjayb/avalanche-insight-hub/src/lib/constants.ts","all":false,"statementMap":{"0":{"start":{"line":1,"column":0},"end":{"line":1,"column":48}},"1":{"start":{"line":2,"column":0},"end":{"line":2,"column":91}},"2":{"start":{"line":3,"column":0},"end":{"line":3,"column":63}},"3":{"start":{"line":4,"column":0},"end":{"line":4,"column":30}},"4":{"start":{"line":5,"column":0},"end":{"line":5,"column":28}},"6":{"start":{"line":7,"column":0},"end":{"line":7,"column":46}},"7":{"start":{"line":8,"column":0},"end":{"line":8,"column":52}},"8":{"start":{"line":9,"column":0},"end":{"line":9,"column":24}},"9":{"start":{"line":10,"column":0},"end":{"line":10,"column":23}},"10":{"start":{"line":11,"column":0},"end":{"line":11,"column":25}},"11":{"start":{"line":12,"column":0},"end":{"line":12,"column":25}},"12":{"start":{"line":13,"column":0},"end":{"line":13,"column":22}},"13":{"start":{"line":14,"column":0},"end":{"line":14,"column":2}},"15":{"start":{"line":16,"column":0},"end":{"line":16,"column":52}},"16":{"start":{"line":17,"column":0},"end":{"line":17,"column":11}},"17":{"start":{"line":18,"column":0},"end":{"line":18,"column":16}},"18":{"start":{"line":19,"column":0},"end":{"line":19,"column":20}},"19":{"start":{"line":20,"column":0},"end":{"line":20,"column":12}},"20":{"start":{"line":21,"column":0},"end":{"line":21,"column":15}},"21":{"start":{"line":22,"column":0},"end":{"line":22,"column":2}},"23":{"start":{"line":24,"column":0},"end":{"line":24,"column":30}},"24":{"start":{"line":25,"column":0},"end":{"line":25,"column":15}},"25":{"start":{"line":26,"column":0},"end":{"line":26,"column":14}},"26":{"start":{"line":27,"column":0},"end":{"line":27,"column":20}},"27":{"start":{"line":28,"column":0},"end":{"line":28,"column":25}},"28":{"start":{"line":29,"column":0},"end":{"line":29,"column":14}},"29":{"start":{"line":30,"column":0},"end":{"line":30,"column":13}},"30":{"start":{"line":31,"column":0},"end":{"line":31,"column":17}},"31":{"start":{"line":32,"column":0},"end":{"line":32,"column":20}},"32":{"start":{"line":33,"column":0},"end":{"line":33,"column":11}}},"s":{"0":1,"1":1,"2":1,"3":1,"4":1,"6":1,"7":1,"8":1,"9":1,"10":1,"11":1,"12":1,"13":1,"15":1,"16":1,"17":1,"18":1,"19":1,"20":1,"21":1,"23":1,"24":1,"25":1,"26":1,"27":1,"28":1,"29":1,"30":1,"31":1,"32":1},"branchMap":{},"b":{},"fnMap":{},"f":{}}
,"/Users/sanjayb/avalanche-insight-hub/src/lib/fieldReportSync.ts": {"path":"/Users/sanjayb/avalanche-insight-hub/src/lib/fieldReportSync.ts","all":true,"statementMap":{"0":{"start":{"line":1,"column":0},"end":{"line":1,"column":58}},"1":{"start":{"line":2,"column":0},"end":{"line":2,"column":8}},"14":{"start":{"line":15,"column":0},"end":{"line":15,"column":112}},"15":{"start":{"line":16,"column":0},"end":{"line":16,"column":59}},"16":{"start":{"line":17,"column":0},"end":{"line":17,"column":80}},"17":{"start":{"line":18,"column":0},"end":{"line":18,"column":39}},"18":{"start":{"line":19,"column":0},"end":{"line":19,"column":29}},"19":{"start":{"line":20,"column":0},"end":{"line":20,"column":29}},"20":{"start":{"line":21,"column":0},"end":{"line":21,"column":29}},"21":{"start":{"line":22,"column":0},"end":{"line":22,"column":36}},"22":{"start":{"line":23,"column":0},"end":{"line":23,"column":72}},"23":{"start":{"line":24,"column":0},"end":{"line":24,"column":33}},"24":{"start":{"line":25,"column":0},"end":{"line":25,"column":44}},"25":{"start":{"line":26,"column":0},"end":{"line":26,"column":26}},"26":{"start":{"line":27,"column":0},"end":{"line":27,"column":56}},"27":{"start":{"line":28,"column":0},"end":{"line":28,"column":40}},"28":{"start":{"line":29,"column":0},"end":{"line":29,"column":32}},"29":{"start":{"line":30,"column":0},"end":{"line":30,"column":25}},"30":{"start":{"line":31,"column":0},"end":{"line":31,"column":21}},"31":{"start":{"line":32,"column":0},"end":{"line":32,"column":53}},"32":{"start":{"line":33,"column":0},"end":{"line":33,"column":3}},"34":{"start":{"line":35,"column":0},"end":{"line":35,"column":121}},"35":{"start":{"line":36,"column":0},"end":{"line":36,"column":11}},"36":{"start":{"line":37,"column":0},"end":{"line":37,"column":32}},"37":{"start":{"line":38,"column":0},"end":{"line":38,"column":22}},"38":{"start":{"line":39,"column":0},"end":{"line":39,"column":22}},"39":{"start":{"line":40,"column":0},"end":{"line":40,"column":38}},"40":{"start":{"line":41,"column":0},"end":{"line":41,"column":35}},"41":{"start":{"line":42,"column":0},"end":{"line":42,"column":44}},"42":{"start":{"line":43,"column":0},"end":{"line":43,"column":49}},"43":{"start":{"line":44,"column":0},"end":{"line":44,"column":31}},"44":{"start":{"line":45,"column":0},"end":{"line":45,"column":6}},"45":{"start":{"line":46,"column":0},"end":{"line":46,"column":5}},"46":{"start":{"line":47,"column":0},"end":{"line":47,"column":24}},"47":{"start":{"line":48,"column":0},"end":{"line":48,"column":26}},"48":{"start":{"line":49,"column":0},"end":{"line":49,"column":3}},"50":{"start":{"line":51,"column":0},"end":{"line":51,"column":127}},"51":{"start":{"line":52,"column":0},"end":{"line":52,"column":15}},"52":{"start":{"line":53,"column":0},"end":{"line":53,"column":94}},"53":{"start":{"line":54,"column":0},"end":{"line":54,"column":3}},"55":{"start":{"line":56,"column":0},"end":{"line":56,"column":130}},"56":{"start":{"line":57,"column":0},"end":{"line":57,"column":10}},"57":{"start":{"line":58,"column":0},"end":{"line":58,"column":10}},"58":{"start":{"line":59,"column":0},"end":{"line":59,"column":61}},"59":{"start":{"line":60,"column":0},"end":{"line":60,"column":43}},"60":{"start":{"line":61,"column":0},"end":{"line":61,"column":4}},"61":{"start":{"line":62,"column":0},"end":{"line":62,"column":1}}},"s":{"0":0,"1":0,"14":0,"15":0,"16":0,"17":0,"18":0,"19":0,"20":0,"21":0,"22":0,"23":0,"24":0,"25":0,"26":0,"27":0,"28":0,"29":0,"30":0,"31":0,"32":0,"34":0,"35":0,"36":0,"37":0,"38":0,"39":0,"40":0,"41":0,"42":0,"43":0,"44":0,"45":0,"46":0,"47":0,"48":0,"50":0,"51":0,"52":0,"53":0,"55":0,"56":0,"57":0,"58":0,"59":0,"60":0,"61":0},"branchMap":{"0":{"type":"branch","line":1,"loc":{"start":{"line":1,"column":2209},"end":{"line":62,"column":1}},"locations":[{"start":{"line":1,"column":2209},"end":{"line":62,"column":1}}]}},"b":{"0":[0]},"fnMap":{"0":{"name":"(empty-report)","decl":{"start":{"line":1,"column":2209},"end":{"line":62,"column":1}},"loc":{"start":{"line":1,"column":2209},"end":{"line":62,"column":1}},"line":1}},"f":{"0":0}}
,"/Users/sanjayb/avalanche-insight-hub/src/lib/forecastArtifacts.ts": {"path":"/Users/sanjayb/avalanche-insight-hub/src/lib/forecastArtifacts.ts","all":true,"statementMap":{"0":{"start":{"line":1,"column":0},"end":{"line":1,"column":58}},"3":{"start":{"line":4,"column":0},"end":{"line":4,"column":79}},"4":{"start":{"line":5,"column":0},"end":{"line":5,"column":43}},"5":{"start":{"line":6,"column":0},"end":{"line":6,"column":37}},"6":{"start":{"line":7,"column":0},"end":{"line":7,"column":51}},"7":{"start":{"line":8,"column":0},"end":{"line":8,"column":3}},"8":{"start":{"line":9,"column":0},"end":{"line":9,"column":48}},"9":{"start":{"line":10,"column":0},"end":{"line":10,"column":1}},"11":{"start":{"line":12,"column":0},"end":{"line":12,"column":77}},"12":{"start":{"line":13,"column":0},"end":{"line":13,"column":20}},"13":{"start":{"line":14,"column":0},"end":{"line":14,"column":29}},"14":{"start":{"line":15,"column":0},"end":{"line":15,"column":3}},"15":{"start":{"line":16,"column":0},"end":{"line":16,"column":65}},"16":{"start":{"line":17,"column":0},"end":{"line":17,"column":37}},"17":{"start":{"line":18,"column":0},"end":{"line":18,"column":11}},"18":{"start":{"line":19,"column":0},"end":{"line":19,"column":22}},"19":{"start":{"line":20,"column":0},"end":{"line":20,"column":90}},"20":{"start":{"line":21,"column":0},"end":{"line":21,"column":3}},"21":{"start":{"line":22,"column":0},"end":{"line":22,"column":57}},"22":{"start":{"line":23,"column":0},"end":{"line":23,"column":43}},"23":{"start":{"line":24,"column":0},"end":{"line":24,"column":1}},"25":{"start":{"line":26,"column":0},"end":{"line":26,"column":64}},"26":{"start":{"line":27,"column":0},"end":{"line":27,"column":61}},"27":{"start":{"line":28,"column":0},"end":{"line":28,"column":83}},"28":{"start":{"line":29,"column":0},"end":{"line":29,"column":23}},"29":{"start":{"line":30,"column":0},"end":{"line":30,"column":74}},"30":{"start":{"line":31,"column":0},"end":{"line":31,"column":3}},"31":{"start":{"line":32,"column":0},"end":{"line":32,"column":66}},"32":{"start":{"line":33,"column":0},"end":{"line":33,"column":31}},"33":{"start":{"line":34,"column":0},"end":{"line":34,"column":1}},"82":{"start":{"line":83,"column":0},"end":{"line":83,"column":99}},"83":{"start":{"line":84,"column":0},"end":{"line":84,"column":66}},"84":{"start":{"line":85,"column":0},"end":{"line":85,"column":1}},"86":{"start":{"line":87,"column":0},"end":{"line":87,"column":105}},"87":{"start":{"line":88,"column":0},"end":{"line":88,"column":69}},"88":{"start":{"line":89,"column":0},"end":{"line":89,"column":1}},"90":{"start":{"line":91,"column":0},"end":{"line":91,"column":104}},"91":{"start":{"line":92,"column":0},"end":{"line":92,"column":72}},"92":{"start":{"line":93,"column":0},"end":{"line":93,"column":1}}},"s":{"0":0,"3":0,"4":0,"5":0,"6":0,"7":0,"8":0,"9":0,"11":0,"12":0,"13":0,"14":0,"15":0,"16":0,"17":0,"18":0,"19":0,"20":0,"21":0,"22":0,"23":0,"25":0,"26":0,"27":0,"28":0,"29":0,"30":0,"31":0,"32":0,"33":0,"82":0,"83":0,"84":0,"86":0,"87":0,"88":0,"90":0,"91":0,"92":0},"branchMap":{"0":{"type":"branch","line":1,"loc":{"start":{"line":1,"column":2912},"end":{"line":93,"column":1}},"locations":[{"start":{"line":1,"column":2912},"end":{"line":93,"column":1}}]}},"b":{"0":[0]},"fnMap":{"0":{"name":"(empty-report)","decl":{"start":{"line":1,"column":2912},"end":{"line":93,"column":1}},"loc":{"start":{"line":1,"column":2912},"end":{"line":93,"column":1}},"line":1}},"f":{"0":0}}
,"/Users/sanjayb/avalanche-insight-hub/src/lib/forecastBulletins.ts": {"path":"/Users/sanjayb/avalanche-insight-hub/src/lib/forecastBulletins.ts","all":false,"statementMap":{"105":{"start":{"line":106,"column":0},"end":{"line":106,"column":59}},"106":{"start":{"line":107,"column":0},"end":{"line":107,"column":11}},"107":{"start":{"line":108,"column":0},"end":{"line":108,"column":16}},"108":{"start":{"line":109,"column":0},"end":{"line":109,"column":20}},"109":{"start":{"line":110,"column":0},"end":{"line":110,"column":12}},"110":{"start":{"line":111,"column":0},"end":{"line":111,"column":17}},"111":{"start":{"line":112,"column":0},"end":{"line":112,"column":2}},"113":{"start":{"line":114,"column":0},"end":{"line":114,"column":92}},"115":{"start":{"line":116,"column":0},"end":{"line":116,"column":84}},"116":{"start":{"line":117,"column":0},"end":{"line":117,"column":79}},"117":{"start":{"line":118,"column":0},"end":{"line":118,"column":47}},"118":{"start":{"line":119,"column":0},"end":{"line":119,"column":94}},"119":{"start":{"line":120,"column":0},"end":{"line":120,"column":59}},"120":{"start":{"line":121,"column":0},"end":{"line":121,"column":91}},"121":{"start":{"line":122,"column":0},"end":{"line":122,"column":56}},"122":{"start":{"line":123,"column":0},"end":{"line":123,"column":72}},"123":{"start":{"line":124,"column":0},"end":{"line":124,"column":74}},"124":{"start":{"line":125,"column":0},"end":{"line":125,"column":49}},"125":{"start":{"line":126,"column":0},"end":{"line":126,"column":9}},"126":{"start":{"line":127,"column":0},"end":{"line":127,"column":10}},"127":{"start":{"line":128,"column":0},"end":{"line":128,"column":105}},"128":{"start":{"line":129,"column":0},"end":{"line":129,"column":90}},"129":{"start":{"line":130,"column":0},"end":{"line":130,"column":43}},"130":{"start":{"line":131,"column":0},"end":{"line":131,"column":54}},"131":{"start":{"line":132,"column":0},"end":{"line":132,"column":24}},"132":{"start":{"line":133,"column":0},"end":{"line":133,"column":68}},"133":{"start":{"line":134,"column":0},"end":{"line":134,"column":49}},"134":{"start":{"line":135,"column":0},"end":{"line":135,"column":74}},"135":{"start":{"line":136,"column":0},"end":{"line":136,"column":26}},"136":{"start":{"line":137,"column":0},"end":{"line":137,"column":49}},"137":{"start":{"line":138,"column":0},"end":{"line":138,"column":34}},"138":{"start":{"line":139,"column":0},"end":{"line":139,"column":15}},"139":{"start":{"line":140,"column":0},"end":{"line":140,"column":49}},"140":{"start":{"line":141,"column":0},"end":{"line":141,"column":34}},"141":{"start":{"line":142,"column":0},"end":{"line":142,"column":15}},"142":{"start":{"line":143,"column":0},"end":{"line":143,"column":61}},"143":{"start":{"line":144,"column":0},"end":{"line":144,"column":40}},"144":{"start":{"line":145,"column":0},"end":{"line":145,"column":14}},"145":{"start":{"line":146,"column":0},"end":{"line":146,"column":6}},"146":{"start":{"line":147,"column":0},"end":{"line":147,"column":55}},"147":{"start":{"line":148,"column":0},"end":{"line":148,"column":63}},"148":{"start":{"line":149,"column":0},"end":{"line":149,"column":80}},"149":{"start":{"line":150,"column":0},"end":{"line":150,"column":104}},"150":{"start":{"line":151,"column":0},"end":{"line":151,"column":78}},"151":{"start":{"line":152,"column":0},"end":{"line":152,"column":60}},"152":{"start":{"line":153,"column":0},"end":{"line":153,"column":78}},"153":{"start":{"line":154,"column":0},"end":{"line":154,"column":107}},"154":{"start":{"line":155,"column":0},"end":{"line":155,"column":92}},"155":{"start":{"line":156,"column":0},"end":{"line":156,"column":113}},"156":{"start":{"line":157,"column":0},"end":{"line":157,"column":54}},"157":{"start":{"line":158,"column":0},"end":{"line":158,"column":41}},"158":{"start":{"line":159,"column":0},"end":{"line":159,"column":20}},"159":{"start":{"line":160,"column":0},"end":{"line":160,"column":46}},"160":{"start":{"line":161,"column":0},"end":{"line":161,"column":78}},"161":{"start":{"line":162,"column":0},"end":{"line":162,"column":18}},"162":{"start":{"line":163,"column":0},"end":{"line":163,"column":81}},"163":{"start":{"line":164,"column":0},"end":{"line":164,"column":108}},"164":{"start":{"line":165,"column":0},"end":{"line":165,"column":138}},"165":{"start":{"line":166,"column":0},"end":{"line":166,"column":58}},"166":{"start":{"line":167,"column":0},"end":{"line":167,"column":18}},"167":{"start":{"line":168,"column":0},"end":{"line":168,"column":131}},"168":{"start":{"line":169,"column":0},"end":{"line":169,"column":19}},"169":{"start":{"line":170,"column":0},"end":{"line":170,"column":58}},"170":{"start":{"line":171,"column":0},"end":{"line":171,"column":37}},"171":{"start":{"line":172,"column":0},"end":{"line":172,"column":59}},"172":{"start":{"line":173,"column":0},"end":{"line":173,"column":60}},"173":{"start":{"line":174,"column":0},"end":{"line":174,"column":38}},"174":{"start":{"line":175,"column":0},"end":{"line":175,"column":23}},"175":{"start":{"line":176,"column":0},"end":{"line":176,"column":58}},"176":{"start":{"line":177,"column":0},"end":{"line":177,"column":37}},"177":{"start":{"line":178,"column":0},"end":{"line":178,"column":35}},"178":{"start":{"line":179,"column":0},"end":{"line":179,"column":80}},"179":{"start":{"line":180,"column":0},"end":{"line":180,"column":48}},"180":{"start":{"line":181,"column":0},"end":{"line":181,"column":25}},"181":{"start":{"line":182,"column":0},"end":{"line":182,"column":66}},"182":{"start":{"line":183,"column":0},"end":{"line":183,"column":41}},"183":{"start":{"line":184,"column":0},"end":{"line":184,"column":36}},"184":{"start":{"line":185,"column":0},"end":{"line":185,"column":66}},"185":{"start":{"line":186,"column":0},"end":{"line":186,"column":41}},"186":{"start":{"line":187,"column":0},"end":{"line":187,"column":20}},"187":{"start":{"line":188,"column":0},"end":{"line":188,"column":62}},"188":{"start":{"line":189,"column":0},"end":{"line":189,"column":74}},"189":{"start":{"line":190,"column":0},"end":{"line":190,"column":45}},"190":{"start":{"line":191,"column":0},"end":{"line":191,"column":20}},"191":{"start":{"line":192,"column":0},"end":{"line":192,"column":72}},"192":{"start":{"line":193,"column":0},"end":{"line":193,"column":86}},"193":{"start":{"line":194,"column":0},"end":{"line":194,"column":51}},"194":{"start":{"line":195,"column":0},"end":{"line":195,"column":20}},"195":{"start":{"line":196,"column":0},"end":{"line":196,"column":86}},"196":{"start":{"line":197,"column":0},"end":{"line":197,"column":51}},"197":{"start":{"line":198,"column":0},"end":{"line":198,"column":20}},"198":{"start":{"line":199,"column":0},"end":{"line":199,"column":69}},"199":{"start":{"line":200,"column":0},"end":{"line":200,"column":6}},"200":{"start":{"line":201,"column":0},"end":{"line":201,"column":4}},"201":{"start":{"line":202,"column":0},"end":{"line":202,"column":1}},"203":{"start":{"line":204,"column":0},"end":{"line":204,"column":90}},"204":{"start":{"line":205,"column":0},"end":{"line":205,"column":84}},"205":{"start":{"line":206,"column":0},"end":{"line":206,"column":47}},"206":{"start":{"line":207,"column":0},"end":{"line":207,"column":10}},"207":{"start":{"line":208,"column":0},"end":{"line":208,"column":95}},"208":{"start":{"line":209,"column":0},"end":{"line":209,"column":92}},"209":{"start":{"line":210,"column":0},"end":{"line":210,"column":118}},"210":{"start":{"line":211,"column":0},"end":{"line":211,"column":127}},"211":{"start":{"line":212,"column":0},"end":{"line":212,"column":101}},"212":{"start":{"line":213,"column":0},"end":{"line":213,"column":123}},"213":{"start":{"line":214,"column":0},"end":{"line":214,"column":105}},"214":{"start":{"line":215,"column":0},"end":{"line":215,"column":4}},"215":{"start":{"line":216,"column":0},"end":{"line":216,"column":1}},"217":{"start":{"line":218,"column":0},"end":{"line":218,"column":102}},"218":{"start":{"line":219,"column":0},"end":{"line":219,"column":84}},"219":{"start":{"line":220,"column":0},"end":{"line":220,"column":47}},"220":{"start":{"line":221,"column":0},"end":{"line":221,"column":10}},"221":{"start":{"line":222,"column":0},"end":{"line":222,"column":95}},"222":{"start":{"line":223,"column":0},"end":{"line":223,"column":101}},"223":{"start":{"line":224,"column":0},"end":{"line":224,"column":122}},"224":{"start":{"line":225,"column":0},"end":{"line":225,"column":98}},"225":{"start":{"line":226,"column":0},"end":{"line":226,"column":126}},"226":{"start":{"line":227,"column":0},"end":{"line":227,"column":99}},"227":{"start":{"line":228,"column":0},"end":{"line":228,"column":126}},"228":{"start":{"line":229,"column":0},"end":{"line":229,"column":99}},"229":{"start":{"line":230,"column":0},"end":{"line":230,"column":90}},"230":{"start":{"line":231,"column":0},"end":{"line":231,"column":102}},"231":{"start":{"line":232,"column":0},"end":{"line":232,"column":124}},"232":{"start":{"line":233,"column":0},"end":{"line":233,"column":4}},"233":{"start":{"line":234,"column":0},"end":{"line":234,"column":1}},"235":{"start":{"line":236,"column":0},"end":{"line":236,"column":79}},"236":{"start":{"line":237,"column":0},"end":{"line":237,"column":84}},"237":{"start":{"line":238,"column":0},"end":{"line":238,"column":47}},"238":{"start":{"line":239,"column":0},"end":{"line":239,"column":55}},"239":{"start":{"line":240,"column":0},"end":{"line":240,"column":10}},"240":{"start":{"line":241,"column":0},"end":{"line":241,"column":23}},"241":{"start":{"line":242,"column":0},"end":{"line":242,"column":48}},"242":{"start":{"line":243,"column":0},"end":{"line":243,"column":86}},"243":{"start":{"line":244,"column":0},"end":{"line":244,"column":117}},"244":{"start":{"line":245,"column":0},"end":{"line":245,"column":132}},"245":{"start":{"line":246,"column":0},"end":{"line":246,"column":76}},"246":{"start":{"line":247,"column":0},"end":{"line":247,"column":70}},"247":{"start":{"line":248,"column":0},"end":{"line":248,"column":124}},"248":{"start":{"line":249,"column":0},"end":{"line":249,"column":125}},"249":{"start":{"line":250,"column":0},"end":{"line":250,"column":119}},"250":{"start":{"line":251,"column":0},"end":{"line":251,"column":4}},"251":{"start":{"line":252,"column":0},"end":{"line":252,"column":1}},"253":{"start":{"line":254,"column":0},"end":{"line":254,"column":80}},"254":{"start":{"line":255,"column":0},"end":{"line":255,"column":84}},"255":{"start":{"line":256,"column":0},"end":{"line":256,"column":47}},"256":{"start":{"line":257,"column":0},"end":{"line":257,"column":55}},"257":{"start":{"line":258,"column":0},"end":{"line":258,"column":88}},"258":{"start":{"line":259,"column":0},"end":{"line":259,"column":76}},"259":{"start":{"line":260,"column":0},"end":{"line":260,"column":43}},"260":{"start":{"line":261,"column":0},"end":{"line":261,"column":52}},"261":{"start":{"line":262,"column":0},"end":{"line":262,"column":10}},"262":{"start":{"line":263,"column":0},"end":{"line":263,"column":23}},"263":{"start":{"line":264,"column":0},"end":{"line":264,"column":82}},"264":{"start":{"line":265,"column":0},"end":{"line":265,"column":29}},"265":{"start":{"line":266,"column":0},"end":{"line":266,"column":30}},"266":{"start":{"line":267,"column":0},"end":{"line":267,"column":92}},"267":{"start":{"line":268,"column":0},"end":{"line":268,"column":65}},"268":{"start":{"line":269,"column":0},"end":{"line":269,"column":54}},"269":{"start":{"line":270,"column":0},"end":{"line":270,"column":24}},"270":{"start":{"line":271,"column":0},"end":{"line":271,"column":90}},"271":{"start":{"line":272,"column":0},"end":{"line":272,"column":60}},"272":{"start":{"line":273,"column":0},"end":{"line":273,"column":27}},"273":{"start":{"line":274,"column":0},"end":{"line":274,"column":40}},"274":{"start":{"line":275,"column":0},"end":{"line":275,"column":74}},"275":{"start":{"line":276,"column":0},"end":{"line":276,"column":53}},"276":{"start":{"line":277,"column":0},"end":{"line":277,"column":78}},"277":{"start":{"line":278,"column":0},"end":{"line":278,"column":11}},"278":{"start":{"line":279,"column":0},"end":{"line":279,"column":83}},"279":{"start":{"line":280,"column":0},"end":{"line":280,"column":77}},"280":{"start":{"line":281,"column":0},"end":{"line":281,"column":74}},"281":{"start":{"line":282,"column":0},"end":{"line":282,"column":42}},"282":{"start":{"line":283,"column":0},"end":{"line":283,"column":18}},"283":{"start":{"line":284,"column":0},"end":{"line":284,"column":80}},"284":{"start":{"line":285,"column":0},"end":{"line":285,"column":37}},"285":{"start":{"line":286,"column":0},"end":{"line":286,"column":18}},"286":{"start":{"line":287,"column":0},"end":{"line":287,"column":76}},"287":{"start":{"line":288,"column":0},"end":{"line":288,"column":35}},"288":{"start":{"line":289,"column":0},"end":{"line":289,"column":18}},"289":{"start":{"line":290,"column":0},"end":{"line":290,"column":78}},"290":{"start":{"line":291,"column":0},"end":{"line":291,"column":36}},"291":{"start":{"line":292,"column":0},"end":{"line":292,"column":18}},"292":{"start":{"line":293,"column":0},"end":{"line":293,"column":74}},"293":{"start":{"line":294,"column":0},"end":{"line":294,"column":34}},"294":{"start":{"line":295,"column":0},"end":{"line":295,"column":18}},"295":{"start":{"line":296,"column":0},"end":{"line":296,"column":4}},"296":{"start":{"line":297,"column":0},"end":{"line":297,"column":1}},"298":{"start":{"line":299,"column":0},"end":{"line":299,"column":73}},"299":{"start":{"line":300,"column":0},"end":{"line":300,"column":77}},"300":{"start":{"line":301,"column":0},"end":{"line":301,"column":28}},"301":{"start":{"line":302,"column":0},"end":{"line":302,"column":52}},"302":{"start":{"line":303,"column":0},"end":{"line":303,"column":55}},"303":{"start":{"line":304,"column":0},"end":{"line":304,"column":57}},"305":{"start":{"line":306,"column":0},"end":{"line":306,"column":1}},"307":{"start":{"line":308,"column":0},"end":{"line":308,"column":102}},"308":{"start":{"line":309,"column":0},"end":{"line":309,"column":84}},"309":{"start":{"line":310,"column":0},"end":{"line":310,"column":47}},"310":{"start":{"line":311,"column":0},"end":{"line":311,"column":65}},"311":{"start":{"line":312,"column":0},"end":{"line":312,"column":80}},"312":{"start":{"line":313,"column":0},"end":{"line":313,"column":71}},"313":{"start":{"line":314,"column":0},"end":{"line":314,"column":132}},"314":{"start":{"line":315,"column":0},"end":{"line":315,"column":21}},"315":{"start":{"line":316,"column":0},"end":{"line":316,"column":3}},"316":{"start":{"line":317,"column":0},"end":{"line":317,"column":79}},"317":{"start":{"line":318,"column":0},"end":{"line":318,"column":70}},"318":{"start":{"line":319,"column":0},"end":{"line":319,"column":10}},"319":{"start":{"line":320,"column":0},"end":{"line":320,"column":43}},"320":{"start":{"line":321,"column":0},"end":{"line":321,"column":58}},"321":{"start":{"line":322,"column":0},"end":{"line":322,"column":49}},"322":{"start":{"line":323,"column":0},"end":{"line":323,"column":112}},"323":{"start":{"line":324,"column":0},"end":{"line":324,"column":99}},"324":{"start":{"line":325,"column":0},"end":{"line":325,"column":4}},"325":{"start":{"line":326,"column":0},"end":{"line":326,"column":1}},"327":{"start":{"line":328,"column":0},"end":{"line":328,"column":64}},"328":{"start":{"line":329,"column":0},"end":{"line":329,"column":55}},"329":{"start":{"line":330,"column":0},"end":{"line":330,"column":90}},"330":{"start":{"line":331,"column":0},"end":{"line":331,"column":16}},"331":{"start":{"line":332,"column":0},"end":{"line":332,"column":15}},"332":{"start":{"line":333,"column":0},"end":{"line":333,"column":64}},"333":{"start":{"line":334,"column":0},"end":{"line":334,"column":15}},"334":{"start":{"line":335,"column":0},"end":{"line":335,"column":1}},"336":{"start":{"line":337,"column":0},"end":{"line":337,"column":88}},"337":{"start":{"line":338,"column":0},"end":{"line":338,"column":55}},"338":{"start":{"line":339,"column":0},"end":{"line":339,"column":56}},"339":{"start":{"line":340,"column":0},"end":{"line":340,"column":74}},"340":{"start":{"line":341,"column":0},"end":{"line":341,"column":32}},"341":{"start":{"line":342,"column":0},"end":{"line":342,"column":11}},"342":{"start":{"line":343,"column":0},"end":{"line":343,"column":63}},"343":{"start":{"line":344,"column":0},"end":{"line":344,"column":38}},"344":{"start":{"line":345,"column":0},"end":{"line":345,"column":1}},"346":{"start":{"line":347,"column":0},"end":{"line":347,"column":62}},"347":{"start":{"line":348,"column":0},"end":{"line":348,"column":97}},"348":{"start":{"line":349,"column":0},"end":{"line":349,"column":62}},"349":{"start":{"line":350,"column":0},"end":{"line":350,"column":1}},"351":{"start":{"line":352,"column":0},"end":{"line":352,"column":69}},"352":{"start":{"line":353,"column":0},"end":{"line":353,"column":33}},"353":{"start":{"line":354,"column":0},"end":{"line":354,"column":60}},"354":{"start":{"line":355,"column":0},"end":{"line":355,"column":1}},"356":{"start":{"line":357,"column":0},"end":{"line":357,"column":67}},"357":{"start":{"line":358,"column":0},"end":{"line":358,"column":39}},"358":{"start":{"line":359,"column":0},"end":{"line":359,"column":78}},"359":{"start":{"line":360,"column":0},"end":{"line":360,"column":47}},"360":{"start":{"line":361,"column":0},"end":{"line":361,"column":67}},"361":{"start":{"line":362,"column":0},"end":{"line":362,"column":1}}},"s":{"105":1,"106":1,"107":1,"108":1,"109":1,"110":1,"111":1,"113":1,"115":1,"116":1,"117":1,"118":1,"119":1,"120":1,"121":1,"122":1,"123":1,"124":1,"125":0,"126":1,"127":1,"128":1,"129":1,"130":1,"131":1,"132":0,"133":1,"134":1,"135":1,"136":1,"137":1,"138":0,"139":1,"140":1,"141":0,"142":1,"143":1,"144":0,"145":1,"146":1,"147":1,"148":1,"149":1,"150":1,"151":1,"152":1,"153":1,"154":1,"155":1,"156":1,"157":1,"158":1,"159":1,"160":1,"161":0,"162":1,"163":1,"164":1,"165":1,"166":0,"167":1,"168":1,"169":1,"170":1,"171":0,"172":1,"173":1,"174":0,"175":1,"176":1,"177":0,"178":1,"179":1,"180":0,"181":1,"182":1,"183":0,"184":1,"185":1,"186":0,"187":1,"188":1,"189":1,"190":0,"191":1,"192":1,"193":1,"194":0,"195":1,"196":1,"197":0,"198":1,"199":1,"200":1,"201":1,"203":1,"204":1,"205":1,"206":1,"207":1,"208":1,"209":1,"210":1,"211":1,"212":1,"213":1,"214":1,"215":1,"217":1,"218":1,"219":1,"220":1,"221":1,"222":1,"223":1,"224":1,"225":1,"226":1,"227":1,"228":1,"229":1,"230":1,"231":1,"232":1,"233":1,"235":1,"236":1,"237":1,"238":1,"239":1,"240":1,"241":1,"242":1,"243":1,"244":1,"245":1,"246":1,"247":1,"248":1,"249":1,"250":1,"251":1,"253":4,"254":4,"255":4,"256":4,"257":4,"258":4,"259":4,"260":4,"261":4,"262":4,"263":4,"264":4,"265":0,"266":4,"267":4,"268":4,"269":4,"270":0,"271":4,"272":4,"273":0,"274":4,"275":4,"276":0,"277":4,"278":4,"279":4,"280":4,"281":4,"282":0,"283":4,"284":0,"285":4,"286":4,"287":0,"288":4,"289":4,"290":0,"291":4,"292":4,"293":0,"294":4,"295":4,"296":4,"298":1,"299":1,"300":1,"301":1,"302":1,"303":1,"305":1,"307":1,"308":1,"309":1,"310":1,"311":1,"312":1,"313":1,"314":0,"315":0,"316":1,"317":1,"318":1,"319":1,"320":1,"321":1,"322":1,"323":1,"324":1,"325":1,"327":1,"328":1,"329":1,"330":1,"331":1,"332":1,"333":1,"334":1,"336":1,"337":1,"338":1,"339":1,"340":1,"341":0,"342":1,"343":1,"344":1,"346":1,"347":8,"348":8,"349":8,"351":1,"352":5,"353":5,"354":5,"356":1,"357":1,"358":1,"359":1,"360":1,"361":1},"branchMap":{"0":{"type":"branch","line":116,"loc":{"start":{"line":116,"column":7},"end":{"line":202,"column":1}},"locations":[{"start":{"line":116,"column":7},"end":{"line":202,"column":1}}]},"1":{"type":"branch","line":117,"loc":{"start":{"line":117,"column":67},"end":{"line":117,"column":79}},"locations":[{"start":{"line":117,"column":67},"end":{"line":117,"column":79}}]},"2":{"type":"branch","line":119,"loc":{"start":{"line":119,"column":82},"end":{"line":119,"column":94}},"locations":[{"start":{"line":119,"column":82},"end":{"line":119,"column":94}}]},"3":{"type":"branch","line":120,"loc":{"start":{"line":120,"column":47},"end":{"line":120,"column":59}},"locations":[{"start":{"line":120,"column":47},"end":{"line":120,"column":59}}]},"4":{"type":"branch","line":121,"loc":{"start":{"line":121,"column":79},"end":{"line":121,"column":91}},"locations":[{"start":{"line":121,"column":79},"end":{"line":121,"column":91}}]},"5":{"type":"branch","line":122,"loc":{"start":{"line":122,"column":44},"end":{"line":122,"column":56}},"locations":[{"start":{"line":122,"column":44},"end":{"line":122,"column":56}}]},"6":{"type":"branch","line":125,"loc":{"start":{"line":125,"column":22},"end":{"line":126,"column":9}},"locations":[{"start":{"line":125,"column":22},"end":{"line":126,"column":9}}]},"7":{"type":"branch","line":128,"loc":{"start":{"line":128,"column":79},"end":{"line":128,"column":105}},"locations":[{"start":{"line":128,"column":79},"end":{"line":128,"column":105}}]},"8":{"type":"branch","line":129,"loc":{"start":{"line":129,"column":61},"end":{"line":129,"column":90}},"locations":[{"start":{"line":129,"column":61},"end":{"line":129,"column":90}}]},"9":{"type":"branch","line":133,"loc":{"start":{"line":133,"column":-1},"end":{"line":133,"column":68}},"locations":[{"start":{"line":133,"column":-1},"end":{"line":133,"column":68}}]},"10":{"type":"branch","line":135,"loc":{"start":{"line":135,"column":61},"end":{"line":135,"column":73}},"locations":[{"start":{"line":135,"column":61},"end":{"line":135,"column":73}}]},"11":{"type":"branch","line":138,"loc":{"start":{"line":138,"column":33},"end":{"line":139,"column":15}},"locations":[{"start":{"line":138,"column":33},"end":{"line":139,"column":15}}]},"12":{"type":"branch","line":141,"loc":{"start":{"line":141,"column":33},"end":{"line":142,"column":15}},"locations":[{"start":{"line":141,"column":33},"end":{"line":142,"column":15}}]},"13":{"type":"branch","line":144,"loc":{"start":{"line":144,"column":39},"end":{"line":145,"column":14}},"locations":[{"start":{"line":144,"column":39},"end":{"line":145,"column":14}}]},"14":{"type":"branch","line":148,"loc":{"start":{"line":148,"column":31},"end":{"line":148,"column":55}},"locations":[{"start":{"line":148,"column":31},"end":{"line":148,"column":55}}]},"15":{"type":"branch","line":149,"loc":{"start":{"line":149,"column":59},"end":{"line":149,"column":80}},"locations":[{"start":{"line":149,"column":59},"end":{"line":149,"column":80}}]},"16":{"type":"branch","line":150,"loc":{"start":{"line":150,"column":91},"end":{"line":150,"column":103}},"locations":[{"start":{"line":150,"column":91},"end":{"line":150,"column":103}}]},"17":{"type":"branch","line":154,"loc":{"start":{"line":154,"column":94},"end":{"line":154,"column":107}},"locations":[{"start":{"line":154,"column":94},"end":{"line":154,"column":107}}]},"18":{"type":"branch","line":155,"loc":{"start":{"line":155,"column":79},"end":{"line":155,"column":92}},"locations":[{"start":{"line":155,"column":79},"end":{"line":155,"column":92}}]},"19":{"type":"branch","line":156,"loc":{"start":{"line":156,"column":100},"end":{"line":156,"column":113}},"locations":[{"start":{"line":156,"column":100},"end":{"line":156,"column":113}}]},"20":{"type":"branch","line":161,"loc":{"start":{"line":161,"column":68},"end":{"line":162,"column":18}},"locations":[{"start":{"line":161,"column":68},"end":{"line":162,"column":18}}]},"21":{"type":"branch","line":163,"loc":{"start":{"line":163,"column":68},"end":{"line":163,"column":81}},"locations":[{"start":{"line":163,"column":68},"end":{"line":163,"column":81}}]},"22":{"type":"branch","line":164,"loc":{"start":{"line":164,"column":88},"end":{"line":164,"column":108}},"locations":[{"start":{"line":164,"column":88},"end":{"line":164,"column":108}}]},"23":{"type":"branch","line":166,"loc":{"start":{"line":166,"column":31},"end":{"line":167,"column":18}},"loc
[...]
"column":45}}]},"137":{"type":"branch","line":1111,"loc":{"start":{"line":1111,"column":15},"end":{"line":1112,"column":62}},"locations":[{"start":{"line":1111,"column":15},"end":{"line":1112,"column":62}}]},"138":{"type":"branch","line":1076,"loc":{"start":{"line":1076,"column":70},"end":{"line":1076,"column":143}},"locations":[{"start":{"line":1076,"column":70},"end":{"line":1076,"column":143}}]},"139":{"type":"branch","line":1076,"loc":{"start":{"line":1076,"column":100},"end":{"line":1076,"column":143}},"locations":[{"start":{"line":1076,"column":100},"end":{"line":1076,"column":143}}]},"140":{"type":"branch","line":1081,"loc":{"start":{"line":1081,"column":26},"end":{"line":1081,"column":67}},"locations":[{"start":{"line":1081,"column":26},"end":{"line":1081,"column":67}}]},"141":{"type":"branch","line":1083,"loc":{"start":{"line":1083,"column":18},"end":{"line":1083,"column":59}},"locations":[{"start":{"line":1083,"column":18},"end":{"line":1083,"column":59}}]},"142":{"type":"branch","line":1084,"loc":{"start":{"line":1084,"column":15},"end":{"line":1097,"column":23}},"locations":[{"start":{"line":1084,"column":15},"end":{"line":1097,"column":23}}]},"143":{"type":"branch","line":1086,"loc":{"start":{"line":1086,"column":47},"end":{"line":1086,"column":58}},"locations":[{"start":{"line":1086,"column":47},"end":{"line":1086,"column":58}}]},"144":{"type":"branch","line":1089,"loc":{"start":{"line":1089,"column":71},"end":{"line":1089,"column":82}},"locations":[{"start":{"line":1089,"column":71},"end":{"line":1089,"column":82}}]},"145":{"type":"branch","line":1090,"loc":{"start":{"line":1090,"column":62},"end":{"line":1090,"column":73}},"locations":[{"start":{"line":1090,"column":62},"end":{"line":1090,"column":73}}]},"146":{"type":"branch","line":1091,"loc":{"start":{"line":1091,"column":58},"end":{"line":1091,"column":69}},"locations":[{"start":{"line":1091,"column":58},"end":{"line":1091,"column":69}}]},"147":{"type":"branch","line":1092,"loc":{"start":{"line":1092,"column":70},"end":{"line":1092,"column":81}},"locations":[{"start":{"line":1092,"column":70},"end":{"line":1092,"column":81}}]},"148":{"type":"branch","line":1093,"loc":{"start":{"line":1093,"column":68},"end":{"line":1093,"column":79}},"locations":[{"start":{"line":1093,"column":68},"end":{"line":1093,"column":79}}]},"149":{"type":"branch","line":1094,"loc":{"start":{"line":1094,"column":68},"end":{"line":1094,"column":79}},"locations":[{"start":{"line":1094,"column":68},"end":{"line":1094,"column":79}}]},"150":{"type":"branch","line":1096,"loc":{"start":{"line":1096,"column":38},"end":{"line":1096,"column":50}},"locations":[{"start":{"line":1096,"column":38},"end":{"line":1096,"column":50}}]},"151":{"type":"branch","line":1103,"loc":{"start":{"line":1103,"column":52},"end":{"line":1111,"column":21}},"locations":[{"start":{"line":1103,"column":52},"end":{"line":1111,"column":21}}]},"152":{"type":"branch","line":1119,"loc":{"start":{"line":1119,"column":0},"end":{"line":1136,"column":1}},"locations":[{"start":{"line":1119,"column":0},"end":{"line":1136,"column":1}}]},"153":{"type":"branch","line":1121,"loc":{"start":{"line":1121,"column":57},"end":{"line":1123,"column":3}},"locations":[{"start":{"line":1121,"column":57},"end":{"line":1123,"column":3}}]},"154":{"type":"branch","line":1135,"loc":{"start":{"line":1135,"column":10},"end":{"line":1135,"column":26}},"locations":[{"start":{"line":1135,"column":10},"end":{"line":1135,"column":26}}]},"155":{"type":"branch","line":1125,"loc":{"start":{"line":1125,"column":9},"end":{"line":1133,"column":6}},"locations":[{"start":{"line":1125,"column":9},"end":{"line":1133,"column":6}}]},"156":{"type":"branch","line":1126,"loc":{"start":{"line":1126,"column":83},"end":{"line":1128,"column":7}},"locations":[{"start":{"line":1126,"column":83},"end":{"line":1128,"column":7}}]},"157":{"type":"branch","line":1130,"loc":{"start":{"line":1130,"column":58},"end":{"line":1130,"column":66}},"locations":[{"start":{"line":1130,"column":58},"end":{"line":1130,"column":66}}]},"158":{"type":"branch","line":1131,"loc":{"start":{"line":1131,"column":67},"end":{"line":1131,"column":75}},"locations":[{"start":{"line":1131,"column":67},"end":{"line":1131,"column":75}}]},"159":{"type":"branch","line":1132,"loc":{"start":{"line":1132,"column":46},"end":{"line":1132,"column":61}},"locations":[{"start":{"line":1132,"column":46},"end":{"line":1132,"column":61}}]},"160":{"type":"branch","line":1134,"loc":{"start":{"line":1134,"column":12},"end":{"line":1134,"column":55}},"locations":[{"start":{"line":1134,"column":12},"end":{"line":1134,"column":55}}]}},"b":{"0":[4],"1":[1],"2":[0],"3":[0],"4":[0],"5":[12],"6":[0],"7":[2],"8":[3],"9":[2],"10":[0],"11":[1],"12":[2],"13":[1],"14":[0],"15":[0],"16":[2],"17":[1],"18":[0],"19":[0],"20":[1],"21":[0],"22":[0],"23":[0],"24":[0],"25":[0],"26":[0],"27":[0],"28":[1],"29":[0],"30":[0],"31":[10],"32":[9],"33":[15],"34":[3],"35":[2],"36":[2],"37":[4],"38":[3],"39":[1],"40":[3],"41":[1],"42":[2],"43":[2],"44":[2],"45":[5],"46":[0],"47":[0],"48":[0],"49":[0],"50":[0],"51":[4],"52":[2],"53":[3],"54":[0],"55":[0],"56":[3],"57":[2],"58":[1],"59":[1],"60":[0],"61":[1],"62":[1],"63":[0],"64":[0],"65":[0],"66":[0],"67":[0],"68":[0],"69":[0],"70":[0],"71":[0],"72":[0],"73":[0],"74":[0],"75":[0],"76":[0],"77":[0],"78":[5],"79":[2],"80":[3],"81":[15],"82":[9],"83":[9],"84":[15],"85":[6],"86":[15],"87":[9],"88":[6],"89":[6],"90":[5],"91":[3],"92":[2],"93":[1],"94":[0],"95":[1],"96":[4],"97":[4],"98":[2],"99":[2],"100":[2],"101":[0],"102":[0],"103":[1],"104":[1],"105":[1],"106":[1],"107":[1],"108":[1],"109":[1],"110":[0],"111":[1],"112":[1],"113":[1],"114":[1],"115":[0],"116":[0],"117":[1],"118":[1],"119":[1],"120":[1],"121":[1],"122":[1],"123":[0],"124":[0],"125":[0],"126":[0],"127":[0],"128":[0],"129":[0],"130":[0],"131":[0],"132":[0],"133":[0],"134":[0],"135":[0],"136":[0],"137":[0],"138":[1],"139":[0],"140":[1],"141":[1],"142":[1],"143":[0],"144":[0],"145":[0],"146":[0],"147":[0],"148":[0],"149":[0],"150":[0],"151":[1],"152":[1],"153":[0],"154":[0],"155":[1],"156":[0],"157":[0],"158":[0],"159":[0],"160":[1]},"fnMap":{"0":{"name":"isSyntheticDemoCase","decl":{"start":{"line":360,"column":7},"end":{"line":371,"column":1}},"loc":{"start":{"line":360,"column":7},"end":{"line":371,"column":1}},"line":360},"1":{"name":"normalizeRecord","decl":{"start":{"line":378,"column":0},"end":{"line":382,"column":1}},"loc":{"start":{"line":378,"column":0},"end":{"line":382,"column":1}},"line":378},"2":{"name":"validationStatusLabel","decl":{"start":{"line":384,"column":7},"end":{"line":386,"column":1}},"loc":{"start":{"line":384,"column":7},"end":{"line":386,"column":1}},"line":384},"3":{"name":"validationCaseTypeLabel","decl":{"start":{"line":388,"column":7},"end":{"line":390,"column":1}},"loc":{"start":{"line":388,"column":7},"end":{"line":390,"column":1}},"line":388},"4":{"name":"optionLabel","decl":{"start":{"line":392,"column":7},"end":{"line":394,"column":1}},"loc":{"start":{"line":392,"column":7},"end":{"line":394,"column":1}},"line":392},"5":{"name":"getAuthenticatedUserId","decl":{"start":{"line":396,"column":7},"end":{"line":403,"column":1}},"loc":{"start":{"line":396,"column":7},"end":{"line":403,"column":1}},"line":396},"6":{"name":"fetchScientistValidationCases","decl":{"start":{"line":405,"column":7},"end":{"line":414,"column":1}},"loc":{"start":{"line":405,"column":7},"end":{"line":414,"column":1}},"line":405},"7":{"name":"fetchScientistValidationReviews","decl":{"start":{"line":416,"column":7},"end":{"line":425,"column":1}},"loc":{"start":{"line":416,"column":7},"end":{"line":425,"column":1}},"line":416},"8":{"name":"fetchScientistValidationActions","decl":{"start":{"line":427,"column":7},"end":{"line":442,"column":1}},"loc":{"start":{"line":427,"column":7},"end":{"line":442,"column":1}},"line":427},"9":{"name":"updateScientistValidationAction","decl":{"start":{"line":444,"column":7},"end":{"line":461,"column":1}},"loc":{"start":{"line":444,"column":7},"end":{"line":461,"column":1}},"line":444},"10":{"name":"fetchCellEvidenceLinks","decl":{"start":{"line":463,"column":7},"end":{"line":499,"column":1}},"loc":{"start":{"line":463,"column":7},"end":{"line":499,"column":1}},"line":463},"11":{"name":"createScientistValidationCase","decl":{"start":{"line":501,"column":7},"end":{"line":523,"column":1}},"loc":{"start":{"line":501,"column":7},"end":{"line":523,"column":1}},"line":501},"12":{"name":"createScientistValidationReview","decl":{"start":{"line":525,"column":7},"end":{"line":598,"column":1}},"loc":{"start":{"line":525,"column":7},"end":{"line":598,"column":1}},"line":525},"13":{"name":"createDailyVerification","decl":{"start":{"line":600,"column":7},"end":{"line":618,"column":1}},"loc":{"start":{"line":600,"column":7},"end":{"line":618,"column":1}},"line":600},"14":{"name":"fetchDailyVerifications","decl":{"start":{"line":620,"column":7},"end":{"line":635,"column":1}},"loc":{"start":{"line":620,"column":7},"end":{"line":635,"column":1}},"line":620},"15":{"name":"incrementMatrix","decl":{"start":{"line":637,"column":0},"end":{"line":640,"column":1}},"loc":{"start":{"line":637,"column":0},"end":{"line":640,"column":1}},"line":637},"16":{"name":"isAssessableDangerLevel","decl":{"start":{"line":642,"column":0},"end":{"line":644,"column":1}},"loc":{"start":{"line":642,"column":0},"end":{"line":644,"column":1}},"line":642},"17":{"name":"isHighDanger","decl":{"start":{"line":646,"column":0},"end":{"line":648,"column":1}},"loc":{"start":{"line":646,"column":0},"end":{"line":648,"column":1}},"line":646},"18":{"name":"buildDailyVerificationAnalytics","decl":{"start":{"line":650,"column":7},"end":{"line":727,"column":1}},"loc":{"start":{"line":650,"column":7},"end":{"line":727,"column":1}},"line":650},"19":{"name":"buildDailyVerificationExport","decl":{"start":{"line":729,"column":7},"end":{"line":738,"column":1}},"loc":{"start":{"line":729,"column":7},"end":{"line":738,"column":1}},"line":729},"20":{"name":"buildActionPayloads","decl":{"start":{"line":740,"column":0},"end":{"line":810,"column":1}},"loc":{"start":{"line":740,"column":0},"end":{"line":810,"column":1}},"line":740},"21":{"name":"buildCellValidationCaseInput","decl":{"start":{"line":812,"column":7},"end":{"line":863,"column":1}},"loc":{"start":{"line":812,"column":7},"end":{"line":863,"column":1}},"line":812},"22":{"name":"buildValidationPacket","decl":{"start":{"line":865,"column":7},"end":{"line":873,"column":1}},"loc":{"start":{"line":865,"column":7},"end":{"line":873,"column":1}},"line":865},"23":{"name":"calculateReviewAgreement","decl":{"start":{"line":875,"column":7},"end":{"line":911,"column":1}},"loc":{"start":{"line":875,"column":7},"end":{"line":911,"column":1}},"line":875},"24":{"name":"calculateCohenKappa","decl":{"start":{"line":913,"column":0},"end":{"line":938,"column":1}},"loc":{"start":{"line":913,"column":0},"end":{"line":938,"column":1}},"line":913},"25":{"name":"buildValidationSummaryPacket","decl":{"start":{"line":940,"column":7},"end":{"line":1009,"column":1}},"loc":{"start":{"line":940,"column":7},"end":{"line":1009,"column":1}},"line":940},"26":{"name":"buildValidationSummaryMarkdown","decl":{"start":{"line":1011,"column":7},"end":{"line":1117,"column":1}},"loc":{"start":{"line":1011,"column":7},"end":{"line":1117,"column":1}},"line":1011},"27":{"name":"formatAttachedReferences","decl":{"start":{"line":1119,"column":0},"end":{"line":1136,"column":1}},"loc":{"start":{"line":1119,"column":0},"end":{"line":1136,"column":1}},"line":1119}},"f":{"0":4,"1":12,"2":2,"3":3,"4":0,"5":0,"6":2,"7":2,"8":2,"9":0,"10":1,"11":0,"12":0,"13":0,"14":1,"15":10,"16":15,"17":3,"18":4,"19":1,"20":0,"21":1,"22":0,"23":5,"24":5,"25":1,"26":1,"27":1}}
,"/Users/sanjayb/avalanche-insight-hub/src/lib/shapLoader.ts": {"path":"/Users/sanjayb/avalanche-insight-hub/src/lib/shapLoader.ts","all":true,"statementMap":{"0":{"start":{"line":1,"column":0},"end":{"line":1,"column":58}},"17":{"start":{"line":18,"column":0},"end":{"line":18,"column":22}},"18":{"start":{"line":19,"column":0},"end":{"line":19,"column":24}},"25":{"start":{"line":26,"column":0},"end":{"line":26,"column":44}},"27":{"start":{"line":28,"column":0},"end":{"line":28,"column":91}},"28":{"start":{"line":29,"column":0},"end":{"line":29,"column":51}},"29":{"start":{"line":30,"column":0},"end":{"line":30,"column":1}},"31":{"start":{"line":32,"column":0},"end":{"line":32,"column":23}},"32":{"start":{"line":33,"column":0},"end":{"line":33,"column":40}},"33":{"start":{"line":34,"column":0},"end":{"line":34,"column":38}},"34":{"start":{"line":35,"column":0},"end":{"line":35,"column":75}},"35":{"start":{"line":36,"column":0},"end":{"line":36,"column":43}},"36":{"start":{"line":37,"column":0},"end":{"line":37,"column":1}},"38":{"start":{"line":39,"column":0},"end":{"line":39,"column":65}},"39":{"start":{"line":40,"column":0},"end":{"line":40,"column":39}},"40":{"start":{"line":41,"column":0},"end":{"line":41,"column":14}},"41":{"start":{"line":42,"column":0},"end":{"line":42,"column":55}},"42":{"start":{"line":43,"column":0},"end":{"line":43,"column":20}},"43":{"start":{"line":44,"column":0},"end":{"line":44,"column":50}},"44":{"start":{"line":45,"column":0},"end":{"line":45,"column":14}},"45":{"start":{"line":46,"column":0},"end":{"line":46,"column":43}},"46":{"start":{"line":47,"column":0},"end":{"line":47,"column":48}},"47":{"start":{"line":48,"column":0},"end":{"line":48,"column":54}},"48":{"start":{"line":49,"column":0},"end":{"line":49,"column":36}},"49":{"start":{"line":50,"column":0},"end":{"line":50,"column":8}},"50":{"start":{"line":51,"column":0},"end":{"line":51,"column":6}},"51":{"start":{"line":52,"column":0},"end":{"line":52,"column":46}},"52":{"start":{"line":53,"column":0},"end":{"line":53,"column":53}},"53":{"start":{"line":54,"column":0},"end":{"line":54,"column":1}},"55":{"start":{"line":56,"column":0},"end":{"line":56,"column":3}},"61":{"start":{"line":62,"column":0},"end":{"line":62,"column":3}},"62":{"start":{"line":63,"column":0},"end":{"line":63,"column":38}},"63":{"start":{"line":64,"column":0},"end":{"line":64,"column":44}},"64":{"start":{"line":65,"column":0},"end":{"line":65,"column":14}},"65":{"start":{"line":66,"column":0},"end":{"line":66,"column":14}},"66":{"start":{"line":67,"column":0},"end":{"line":67,"column":11}},"68":{"start":{"line":69,"column":0},"end":{"line":69,"column":35}},"70":{"start":{"line":71,"column":0},"end":{"line":71,"column":55}},"71":{"start":{"line":72,"column":0},"end":{"line":72,"column":32}},"72":{"start":{"line":73,"column":0},"end":{"line":73,"column":48}},"73":{"start":{"line":74,"column":0},"end":{"line":74,"column":25}},"74":{"start":{"line":75,"column":0},"end":{"line":75,"column":3}},"76":{"start":{"line":77,"column":0},"end":{"line":77,"column":7}},"77":{"start":{"line":78,"column":0},"end":{"line":78,"column":69}},"78":{"start":{"line":79,"column":0},"end":{"line":79,"column":41}},"79":{"start":{"line":80,"column":0},"end":{"line":80,"column":22}},"80":{"start":{"line":81,"column":0},"end":{"line":81,"column":22}},"81":{"start":{"line":82,"column":0},"end":{"line":82,"column":28}},"82":{"start":{"line":83,"column":0},"end":{"line":83,"column":7}},"83":{"start":{"line":84,"column":0},"end":{"line":84,"column":61}},"84":{"start":{"line":85,"column":0},"end":{"line":85,"column":71}},"85":{"start":{"line":86,"column":0},"end":{"line":86,"column":19}},"86":{"start":{"line":87,"column":0},"end":{"line":87,"column":18}},"87":{"start":{"line":88,"column":0},"end":{"line":88,"column":5}},"88":{"start":{"line":89,"column":0},"end":{"line":89,"column":51}},"89":{"start":{"line":90,"column":0},"end":{"line":90,"column":63}},"90":{"start":{"line":91,"column":0},"end":{"line":91,"column":35}},"91":{"start":{"line":92,"column":0},"end":{"line":92,"column":71}},"92":{"start":{"line":93,"column":0},"end":{"line":93,"column":19}},"93":{"start":{"line":94,"column":0},"end":{"line":94,"column":18}},"94":{"start":{"line":95,"column":0},"end":{"line":95,"column":5}},"95":{"start":{"line":96,"column":0},"end":{"line":96,"column":32}},"96":{"start":{"line":97,"column":0},"end":{"line":97,"column":36}},"97":{"start":{"line":98,"column":0},"end":{"line":98,"column":18}},"98":{"start":{"line":99,"column":0},"end":{"line":99,"column":90}},"99":{"start":{"line":100,"column":0},"end":{"line":100,"column":91}},"100":{"start":{"line":101,"column":0},"end":{"line":101,"column":76}},"101":{"start":{"line":102,"column":0},"end":{"line":102,"column":6}},"102":{"start":{"line":103,"column":0},"end":{"line":103,"column":63}},"103":{"start":{"line":104,"column":0},"end":{"line":104,"column":17}},"104":{"start":{"line":105,"column":0},"end":{"line":105,"column":18}},"105":{"start":{"line":106,"column":0},"end":{"line":106,"column":19}},"106":{"start":{"line":107,"column":0},"end":{"line":107,"column":75}},"107":{"start":{"line":108,"column":0},"end":{"line":108,"column":75}},"108":{"start":{"line":109,"column":0},"end":{"line":109,"column":70}},"109":{"start":{"line":110,"column":0},"end":{"line":110,"column":69}},"110":{"start":{"line":111,"column":0},"end":{"line":111,"column":17}},"111":{"start":{"line":112,"column":0},"end":{"line":112,"column":16}},"112":{"start":{"line":113,"column":0},"end":{"line":113,"column":3}},"113":{"start":{"line":114,"column":0},"end":{"line":114,"column":1}},"115":{"start":{"line":116,"column":0},"end":{"line":116,"column":34}},"116":{"start":{"line":117,"column":0},"end":{"line":117,"column":16}},"117":{"start":{"line":118,"column":0},"end":{"line":118,"column":1}}},"s":{"0":0,"17":0,"18":0,"25":0,"27":0,"28":0,"29":0,"31":0,"32":0,"33":0,"34":0,"35":0,"36":0,"38":0,"39":0,"40":0,"41":0,"42":0,"43":0,"44":0,"45":0,"46":0,"47":0,"48":0,"49":0,"50":0,"51":0,"52":0,"53":0,"55":0,"61":0,"62":0,"63":0,"64":0,"65":0,"66":0,"68":0,"70":0,"71":0,"72":0,"73":0,"74":0,"76":0,"77":0,"78":0,"79":0,"80":0,"81":0,"82":0,"83":0,"84":0,"85":0,"86":0,"87":0,"88":0,"89":0,"90":0,"91":0,"92":0,"93":0,"94":0,"95":0,"96":0,"97":0,"98":0,"99":0,"100":0,"101":0,"102":0,"103":0,"104":0,"105":0,"106":0,"107":0,"108":0,"109":0,"110":0,"111":0,"112":0,"113":0,"115":0,"116":0,"117":0},"branchMap":{"0":{"type":"branch","line":1,"loc":{"start":{"line":1,"column":3736},"end":{"line":118,"column":1}},"locations":[{"start":{"line":1,"column":3736},"end":{"line":118,"column":1}}]}},"b":{"0":[0]},"fnMap":{"0":{"name":"(empty-report)","decl":{"start":{"line":1,"column":3736},"end":{"line":118,"column":1}},"loc":{"start":{"line":1,"column":3736},"end":{"line":118,"column":1}},"line":1}},"f":{"0":0}}
,"/Users/sanjayb/avalanche-insight-hub/src/lib/snowpackProxyCopy.ts": {"path":"/Users/sanjayb/avalanche-insight-hub/src/lib/snowpackProxyCopy.ts","all":false,"statementMap":{"0":{"start":{"line":1,"column":0},"end":{"line":1,"column":63}},"1":{"start":{"line":2,"column":0},"end":{"line":2,"column":82}},"2":{"start":{"line":3,"column":0},"end":{"line":3,"column":112}},"3":{"start":{"line":4,"column":0},"end":{"line":4,"column":152}}},"s":{"0":1,"1":1,"2":1,"3":1},"branchMap":{},"b":{},"fnMap":{},"f":{}}
,"/Users/sanjayb/avalanche-insight-hub/src/lib/utils.ts": {"path":"/Users/sanjayb/avalanche-insight-hub/src/lib/utils.ts","all":false,"statementMap":{"0":{"start":{"line":1,"column":0},"end":{"line":1,"column":45}},"1":{"start":{"line":2,"column":0},"end":{"line":2,"column":41}},"3":{"start":{"line":4,"column":0},"end":{"line":4,"column":45}},"4":{"start":{"line":5,"column":0},"end":{"line":5,"column":31}},"5":{"start":{"line":6,"column":0},"end":{"line":6,"column":1}}},"s":{"0":1,"1":1,"3":1,"4":927,"5":927},"branchMap":{"0":{"type":"branch","line":4,"loc":{"start":{"line":4,"column":7},"end":{"line":6,"column":1}},"locations":[{"start":{"line":4,"column":7},"end":{"line":6,"column":1}}]}},"b":{"0":[927]},"fnMap":{"0":{"name":"cn","decl":{"start":{"line":4,"column":7},"end":{"line":6,"column":1}},"loc":{"start":{"line":4,"column":7},"end":{"line":6,"column":1}},"line":4}},"f":{"0":927}}
}
